<?xml version="1.0" encoding="UTF-8"?>
<coverage generated="1536686086588" clover="3.2.0">
  <project timestamp="1536686086589" name="All files">
    <metrics statements="290" coveredstatements="287" conditionals="182" coveredconditionals="152" methods="86" coveredmethods="85" elements="558" coveredelements="524" complexity="0" loc="290" ncloc="290" packages="3" files="7" classes="7">
      <package name="src">
        <metrics statements="206" coveredstatements="203" conditionals="130" coveredconditionals="103" methods="59" coveredmethods="58"/>
        <file name="LinusDialog.js" path="/media/storage/ws/js/linus/linus-core/src/LinusDialog.js">
          <metrics statements="9" coveredstatements="8" conditionals="0" coveredconditionals="0" methods="6" coveredmethods="5"/>
          <line num="3" count="1" type="stmt"/>
          <line num="5" count="1" type="stmt"/>
          <line num="6" count="5" type="stmt"/>
          <line num="8" count="50" type="stmt"/>
          <line num="14" count="5" type="stmt"/>
          <line num="15" count="5" type="stmt"/>
          <line num="29" count="4" type="stmt"/>
          <line num="30" count="12" type="stmt"/>
          <line num="32" count="0" type="stmt"/>
        </file>
        <file name="LinusDialogBase.js" path="/media/storage/ws/js/linus/linus-core/src/LinusDialogBase.js">
          <metrics statements="197" coveredstatements="195" conditionals="130" coveredconditionals="103" methods="53" coveredmethods="53"/>
          <line num="9" count="2" type="stmt"/>
          <line num="12" count="2" type="stmt"/>
          <line num="23" count="2" type="stmt"/>
          <line num="24" count="2" type="stmt"/>
          <line num="39" count="90" type="stmt"/>
          <line num="40" count="90" type="stmt"/>
          <line num="42" count="90" type="stmt"/>
          <line num="50" count="90" type="stmt"/>
          <line num="51" count="90" type="stmt"/>
          <line num="60" count="91" type="stmt"/>
          <line num="61" count="810" type="stmt"/>
          <line num="62" count="810" type="cond" truecount="2" falsecount="0"/>
          <line num="63" count="810" type="stmt"/>
          <line num="64" count="810" type="stmt"/>
          <line num="73" count="810" type="stmt"/>
          <line num="85" count="358" type="stmt"/>
          <line num="98" count="990" type="stmt"/>
          <line num="110" count="997" type="stmt"/>
          <line num="124" count="22" type="cond" truecount="2" falsecount="0"/>
          <line num="130" count="3" type="stmt"/>
          <line num="134" count="19" type="cond" truecount="2" falsecount="0"/>
          <line num="138" count="1" type="stmt"/>
          <line num="144" count="18" type="stmt"/>
          <line num="152" count="103" type="stmt"/>
          <line num="160" count="13" type="stmt"/>
          <line num="161" count="6" type="cond" truecount="1" falsecount="1"/>
          <line num="162" count="6" type="stmt"/>
          <line num="165" count="0" type="stmt"/>
          <line num="177" count="7" type="stmt"/>
          <line num="178" count="13" type="stmt"/>
          <line num="179" count="13" type="stmt"/>
          <line num="181" count="1" type="stmt"/>
          <line num="194" count="6" type="stmt"/>
          <line num="203" count="15" type="stmt"/>
          <line num="204" count="15" type="cond" truecount="2" falsecount="0"/>
          <line num="205" count="14" type="stmt"/>
          <line num="214" count="13" type="cond" truecount="2" falsecount="0"/>
          <line num="215" count="12" type="stmt"/>
          <line num="225" count="6" type="cond" truecount="1" falsecount="1"/>
          <line num="228" count="6" type="cond" truecount="1" falsecount="1"/>
          <line num="229" count="6" type="stmt"/>
          <line num="241" count="14" type="stmt"/>
          <line num="242" count="14" type="stmt"/>
          <line num="259" count="7" type="cond" truecount="2" falsecount="0"/>
          <line num="260" count="5" type="stmt"/>
          <line num="261" count="2" type="cond" truecount="2" falsecount="0"/>
          <line num="262" count="1" type="stmt"/>
          <line num="266" count="1" type="stmt"/>
          <line num="277" count="8" type="stmt"/>
          <line num="278" count="8" type="stmt"/>
          <line num="294" count="7" type="stmt"/>
          <line num="295" count="7" type="stmt"/>
          <line num="308" count="20" type="stmt"/>
          <line num="309" count="20" type="cond" truecount="2" falsecount="0"/>
          <line num="310" count="19" type="stmt"/>
          <line num="318" count="12" type="cond" truecount="2" falsecount="0"/>
          <line num="319" count="12" type="stmt"/>
          <line num="320" count="12" type="stmt"/>
          <line num="328" count="7" type="stmt"/>
          <line num="337" count="24" type="stmt"/>
          <line num="338" count="55" type="cond" truecount="1" falsecount="0"/>
          <line num="339" count="55" type="cond" truecount="4" falsecount="0"/>
          <line num="340" count="47" type="cond" truecount="2" falsecount="0"/>
          <line num="341" count="45" type="cond" truecount="2" falsecount="0"/>
          <line num="342" count="3" type="stmt"/>
          <line num="345" count="42" type="stmt"/>
          <line num="346" count="42" type="stmt"/>
          <line num="348" count="1" type="stmt"/>
          <line num="365" count="7" type="stmt"/>
          <line num="366" count="7" type="stmt"/>
          <line num="368" count="13" type="stmt"/>
          <line num="370" count="7" type="stmt"/>
          <line num="379" count="13" type="cond" truecount="2" falsecount="0"/>
          <line num="380" count="2" type="stmt"/>
          <line num="381" count="2" type="stmt"/>
          <line num="384" count="11" type="stmt"/>
          <line num="385" count="26" type="cond" truecount="2" falsecount="0"/>
          <line num="386" count="26" type="cond" truecount="2" falsecount="0"/>
          <line num="388" count="11" type="stmt"/>
          <line num="391" count="11" type="stmt"/>
          <line num="392" count="26" type="cond" truecount="2" falsecount="0"/>
          <line num="395" count="11" type="stmt"/>
          <line num="397" count="13" type="stmt"/>
          <line num="400" count="11" type="cond" truecount="2" falsecount="0"/>
          <line num="401" count="2" type="stmt"/>
          <line num="402" count="4" type="cond" truecount="2" falsecount="0"/>
          <line num="404" count="2" type="stmt"/>
          <line num="408" count="9" type="stmt"/>
          <line num="419" count="7" type="cond" truecount="4" falsecount="0"/>
          <line num="420" count="1" type="stmt"/>
          <line num="423" count="6" type="stmt"/>
          <line num="424" count="6" type="stmt"/>
          <line num="426" count="21" type="stmt"/>
          <line num="428" count="6" type="stmt"/>
          <line num="441" count="7" type="stmt"/>
          <line num="442" count="7" type="stmt"/>
          <line num="443" count="7" type="stmt"/>
          <line num="444" count="7" type="stmt"/>
          <line num="445" count="7" type="stmt"/>
          <line num="446" count="9" type="stmt"/>
          <line num="448" count="9" type="stmt"/>
          <line num="453" count="9" type="stmt"/>
          <line num="454" count="9" type="stmt"/>
          <line num="456" count="7" type="stmt"/>
          <line num="457" count="7" type="stmt"/>
          <line num="458" count="7" type="stmt"/>
          <line num="473" count="13" type="stmt"/>
          <line num="474" count="13" type="stmt"/>
          <line num="475" count="13" type="stmt"/>
          <line num="476" count="13" type="stmt"/>
          <line num="477" count="13" type="stmt"/>
          <line num="478" count="21" type="stmt"/>
          <line num="480" count="21" type="stmt"/>
          <line num="485" count="21" type="stmt"/>
          <line num="486" count="21" type="stmt"/>
          <line num="487" count="21" type="stmt"/>
          <line num="493" count="21" type="stmt"/>
          <line num="498" count="21" type="stmt"/>
          <line num="499" count="21" type="stmt"/>
          <line num="503" count="21" type="cond" truecount="2" falsecount="0"/>
          <line num="505" count="13" type="stmt"/>
          <line num="506" count="13" type="stmt"/>
          <line num="507" count="13" type="stmt"/>
          <line num="524" count="25" type="cond" truecount="2" falsecount="0"/>
          <line num="525" count="15" type="stmt"/>
          <line num="527" count="10" type="stmt"/>
          <line num="539" count="34" type="stmt"/>
          <line num="540" count="34" type="stmt"/>
          <line num="542" count="34" type="stmt"/>
          <line num="543" count="34" type="stmt"/>
          <line num="544" count="39" type="stmt"/>
          <line num="546" count="39" type="stmt"/>
          <line num="547" count="39" type="stmt"/>
          <line num="549" count="39" type="stmt"/>
          <line num="550" count="39" type="stmt"/>
          <line num="555" count="39" type="stmt"/>
          <line num="560" count="39" type="stmt"/>
          <line num="564" count="39" type="stmt"/>
          <line num="565" count="39" type="cond" truecount="2" falsecount="0"/>
          <line num="568" count="34" type="stmt"/>
          <line num="580" count="39" type="stmt"/>
          <line num="581" count="39" type="stmt"/>
          <line num="582" count="39" type="stmt"/>
          <line num="584" count="39" type="cond" truecount="2" falsecount="0"/>
          <line num="585" count="39" type="cond" truecount="2" falsecount="0"/>
          <line num="586" count="22" type="stmt"/>
          <line num="590" count="22" type="stmt"/>
          <line num="595" count="22" type="stmt"/>
          <line num="596" count="22" type="stmt"/>
          <line num="603" count="39" type="stmt"/>
          <line num="604" count="39" type="stmt"/>
          <line num="609" count="39" type="stmt"/>
          <line num="615" count="39" type="stmt"/>
          <line num="620" count="39" type="stmt"/>
          <line num="628" count="22" type="stmt"/>
          <line num="629" count="22" type="cond" truecount="2" falsecount="0"/>
          <line num="630" count="10" type="stmt"/>
          <line num="634" count="10" type="stmt"/>
          <line num="636" count="22" type="stmt"/>
          <line num="643" count="39" type="stmt"/>
          <line num="647" count="39" type="stmt"/>
          <line num="648" count="39" type="stmt"/>
          <line num="649" count="39" type="stmt"/>
          <line num="651" count="39" type="cond" truecount="3" falsecount="0"/>
          <line num="653" count="39" type="cond" truecount="2" falsecount="0"/>
          <line num="654" count="4" type="stmt"/>
          <line num="655" count="4" type="cond" truecount="1" falsecount="1"/>
          <line num="657" count="4" type="cond" truecount="2" falsecount="0"/>
          <line num="658" count="3" type="stmt"/>
          <line num="659" count="3" type="stmt"/>
          <line num="660" count="3" type="stmt"/>
          <line num="661" count="3" type="stmt"/>
          <line num="667" count="35" type="stmt"/>
          <line num="669" count="39" type="stmt"/>
          <line num="685" count="22" type="stmt"/>
          <line num="686" count="32" type="stmt"/>
          <line num="698" count="2" type="stmt"/>
          <line num="703" count="5" type="stmt"/>
          <line num="708" count="3" type="stmt"/>
          <line num="715" count="4" type="stmt"/>
          <line num="716" count="4" type="cond" truecount="2" falsecount="0"/>
          <line num="717" count="4" type="cond" truecount="2" falsecount="0"/>
          <line num="718" count="3" type="stmt"/>
          <line num="720" count="4" type="stmt"/>
          <line num="723" count="4" type="stmt"/>
          <line num="724" count="4" type="stmt"/>
          <line num="729" count="4" type="stmt"/>
          <line num="734" count="4" type="stmt"/>
          <line num="738" count="4" type="stmt"/>
          <line num="742" count="5" type="stmt"/>
          <line num="745" count="5" type="stmt"/>
          <line num="746" count="5" type="cond" truecount="1" falsecount="1"/>
          <line num="747" count="0" type="stmt"/>
          <line num="753" count="5" type="stmt"/>
          <line num="757" count="5" type="stmt"/>
          <line num="758" count="5" type="stmt"/>
          <line num="762" count="5" type="stmt"/>
        </file>
      </package>
      <package name="src.tokenizers.watson">
        <metrics statements="45" coveredstatements="45" conditionals="17" coveredconditionals="17" methods="20" coveredmethods="20"/>
        <file name="WatsonTokenizer.js" path="/media/storage/ws/js/linus/linus-core/src/tokenizers/watson/WatsonTokenizer.js">
          <metrics statements="4" coveredstatements="4" conditionals="0" coveredconditionals="0" methods="2" coveredmethods="2"/>
          <line num="3" count="1" type="stmt"/>
          <line num="7" count="1" type="stmt"/>
          <line num="8" count="1" type="stmt"/>
          <line num="10" count="1" type="stmt"/>
        </file>
        <file name="WatsonTokenizerBase.js" path="/media/storage/ws/js/linus/linus-core/src/tokenizers/watson/WatsonTokenizerBase.js">
          <metrics statements="41" coveredstatements="41" conditionals="17" coveredconditionals="17" methods="18" coveredmethods="18"/>
          <line num="5" count="2" type="stmt"/>
          <line num="19" count="20" type="stmt"/>
          <line num="21" count="20" type="stmt"/>
          <line num="28" count="20" type="stmt"/>
          <line num="29" count="20" type="stmt"/>
          <line num="30" count="20" type="stmt"/>
          <line num="38" count="23" type="stmt"/>
          <line num="46" count="6" type="stmt"/>
          <line num="60" count="4" type="stmt"/>
          <line num="61" count="4" type="stmt"/>
          <line num="62" count="4" type="cond" truecount="2" falsecount="0"/>
          <line num="64" count="1" type="stmt"/>
          <line num="65" count="1" type="stmt"/>
          <line num="67" count="3" type="stmt"/>
          <line num="79" count="4" type="stmt"/>
          <line num="84" count="4" type="stmt"/>
          <line num="89" count="4" type="stmt"/>
          <line num="104" count="6" type="stmt"/>
          <line num="105" count="21" type="stmt"/>
          <line num="107" count="8" type="stmt"/>
          <line num="108" count="14" type="stmt"/>
          <line num="109" count="6" type="stmt"/>
          <line num="123" count="6" type="stmt"/>
          <line num="124" count="15" type="stmt"/>
          <line num="126" count="6" type="stmt"/>
          <line num="127" count="12" type="stmt"/>
          <line num="128" count="12" type="cond" truecount="2" falsecount="0"/>
          <line num="129" count="12" type="stmt"/>
          <line num="130" count="12" type="stmt"/>
          <line num="132" count="6" type="stmt"/>
          <line num="133" count="6" type="stmt"/>
          <line num="142" count="4" type="stmt"/>
          <line num="143" count="4" type="stmt"/>
          <line num="155" count="6" type="stmt"/>
          <line num="156" count="6" type="stmt"/>
          <line num="157" count="8" type="stmt"/>
          <line num="159" count="6" type="stmt"/>
          <line num="170" count="3" type="stmt"/>
          <line num="171" count="2" type="stmt"/>
          <line num="172" count="2" type="stmt"/>
          <line num="173" count="2" type="stmt"/>
        </file>
      </package>
      <package name="src.utils">
        <metrics statements="39" coveredstatements="39" conditionals="35" coveredconditionals="32" methods="7" coveredmethods="7"/>
        <file name="RTInterpreter.js" path="/media/storage/ws/js/linus/linus-core/src/utils/RTInterpreter.js">
          <metrics statements="20" coveredstatements="20" conditionals="7" coveredconditionals="7" methods="4" coveredmethods="4"/>
          <line num="3" count="3" type="stmt"/>
          <line num="4" count="3" type="stmt"/>
          <line num="9" count="101" type="stmt"/>
          <line num="12" count="101" type="stmt"/>
          <line num="14" count="101" type="stmt"/>
          <line num="15" count="1547" type="cond" truecount="2" falsecount="0"/>
          <line num="16" count="1" type="stmt"/>
          <line num="20" count="1546" type="stmt"/>
          <line num="21" count="1546" type="stmt"/>
          <line num="22" count="1546" type="stmt"/>
          <line num="24" count="2" type="stmt"/>
          <line num="27" count="1544" type="stmt"/>
          <line num="29" count="101" type="stmt"/>
          <line num="30" count="3" type="stmt"/>
          <line num="31" count="7" type="stmt"/>
          <line num="32" count="7" type="cond" truecount="2" falsecount="0"/>
          <line num="33" count="6" type="cond" truecount="2" falsecount="0"/>
          <line num="34" count="1" type="stmt"/>
          <line num="39" count="5" type="stmt"/>
          <line num="42" count="101" type="stmt"/>
        </file>
        <file name="extendError.js" path="/media/storage/ws/js/linus/linus-core/src/utils/extendError.js">
          <metrics statements="14" coveredstatements="14" conditionals="26" coveredconditionals="24" methods="2" coveredmethods="2"/>
          <line num="8" count="4" type="cond" truecount="1" falsecount="0"/>
          <line num="10" count="20" type="stmt"/>
          <line num="11" count="20" type="stmt"/>
          <line num="18" count="20" type="cond" truecount="1" falsecount="1"/>
          <line num="19" count="20" type="stmt"/>
          <line num="22" count="20" type="cond" truecount="4" falsecount="1"/>
          <line num="23" count="20" type="cond" truecount="6" falsecount="0"/>
          <line num="24" count="20" type="cond" truecount="4" falsecount="0"/>
          <line num="25" count="4" type="stmt"/>
          <line num="33" count="20" type="cond" truecount="3" falsecount="0"/>
          <line num="34" count="20" type="stmt"/>
          <line num="41" count="21" type="stmt"/>
          <line num="43" count="21" type="stmt"/>
          <line num="46" count="4" type="stmt"/>
        </file>
        <file name="requiredParam.js" path="/media/storage/ws/js/linus/linus-core/src/utils/requiredParam.js">
          <metrics statements="5" coveredstatements="5" conditionals="2" coveredconditionals="1" methods="1" coveredmethods="1"/>
          <line num="1" count="5" type="stmt"/>
          <line num="2" count="8" type="stmt"/>
          <line num="6" count="8" type="cond" truecount="1" falsecount="1"/>
          <line num="7" count="8" type="stmt"/>
          <line num="9" count="8" type="stmt"/>
        </file>
      </package>
    </metrics>
  </project>
</coverage>
