<?xml version="1.0" encoding="UTF-8"?>
<coverage generated="1524753861566" clover="3.2.0">
  <project timestamp="1524753861566" name="All files">
    <metrics statements="51" coveredstatements="41" conditionals="36" coveredconditionals="24" methods="28" coveredmethods="18" elements="115" coveredelements="83" complexity="0" loc="51" ncloc="51" packages="3" files="5" classes="5">
      <package name="src">
        <metrics statements="31" coveredstatements="23" conditionals="29" coveredconditionals="21" methods="17" coveredmethods="11"/>
        <file name="LinusDialogBase.js" path="/media/storage/ws/js/linus/linus-core/src/LinusDialogBase.js">
          <metrics statements="31" coveredstatements="23" conditionals="29" coveredconditionals="21" methods="17" coveredmethods="11"/>
          <line num="4" count="1" type="stmt"/>
          <line num="17" count="15" type="stmt"/>
          <line num="20" count="45" type="stmt"/>
          <line num="23" count="15" type="stmt"/>
          <line num="24" count="15" type="stmt"/>
          <line num="33" count="14" type="cond" truecount="2" falsecount="0"/>
          <line num="39" count="3" type="stmt"/>
          <line num="43" count="11" type="cond" truecount="2" falsecount="0"/>
          <line num="47" count="1" type="stmt"/>
          <line num="53" count="10" type="stmt"/>
          <line num="61" count="16" type="stmt"/>
          <line num="70" count="2" type="stmt"/>
          <line num="71" count="4" type="stmt"/>
          <line num="77" count="2" type="stmt"/>
          <line num="86" count="7" type="stmt"/>
          <line num="87" count="7" type="cond" truecount="2" falsecount="0"/>
          <line num="88" count="6" type="stmt"/>
          <line num="97" count="5" type="cond" truecount="2" falsecount="0"/>
          <line num="98" count="4" type="stmt"/>
          <line num="108" count="2" type="cond" truecount="1" falsecount="1"/>
          <line num="111" count="2" type="cond" truecount="1" falsecount="1"/>
          <line num="112" count="2" type="stmt"/>
          <line num="122" count="0" type="stmt"/>
          <line num="123" count="0" type="stmt"/>
          <line num="133" count="3" type="stmt"/>
          <line num="140" count="0" type="cond" truecount="0" falsecount="1"/>
          <line num="141" count="0" type="stmt"/>
          <line num="158" count="0" type="cond" truecount="0" falsecount="2"/>
          <line num="159" count="0" type="stmt"/>
          <line num="160" count="0" type="stmt"/>
          <line num="161" count="0" type="stmt"/>
        </file>
      </package>
      <package name="src.utils">
        <metrics statements="5" coveredstatements="5" conditionals="2" coveredconditionals="1" methods="1" coveredmethods="1"/>
        <file name="requiredParam.js" path="/media/storage/ws/js/linus/linus-core/src/utils/requiredParam.js">
          <metrics statements="5" coveredstatements="5" conditionals="2" coveredconditionals="1" methods="1" coveredmethods="1"/>
          <line num="1" count="2" type="stmt"/>
          <line num="2" count="2" type="stmt"/>
          <line num="6" count="2" type="cond" truecount="1" falsecount="1"/>
          <line num="7" count="2" type="stmt"/>
          <line num="9" count="2" type="stmt"/>
        </file>
      </package>
      <package name="src.utils.test">
        <metrics statements="15" coveredstatements="13" conditionals="5" coveredconditionals="2" methods="10" coveredmethods="6"/>
        <file name="helpers.js" path="/media/storage/ws/js/linus/linus-core/src/utils/test/helpers.js">
          <metrics statements="7" coveredstatements="7" conditionals="0" coveredconditionals="0" methods="2" coveredmethods="2"/>
          <line num="1" count="1" type="stmt"/>
          <line num="2" count="4" type="stmt"/>
          <line num="4" count="1" type="stmt"/>
          <line num="5" count="1" type="stmt"/>
          <line num="6" count="1" type="stmt"/>
          <line num="7" count="1" type="stmt"/>
          <line num="8" count="1" type="stmt"/>
        </file>
        <file name="test-bot-data.js" path="/media/storage/ws/js/linus/linus-core/src/utils/test/test-bot-data.js">
          <metrics statements="1" coveredstatements="1" conditionals="0" coveredconditionals="0" methods="0" coveredmethods="0"/>
          <line num="3" count="1" type="stmt"/>
        </file>
        <file name="tokenizers.js" path="/media/storage/ws/js/linus/linus-core/src/utils/test/tokenizers.js">
          <metrics statements="7" coveredstatements="5" conditionals="5" coveredconditionals="2" methods="8" coveredmethods="4"/>
          <line num="3" count="12" type="cond" truecount="1" falsecount="0"/>
          <line num="8" count="8" type="cond" truecount="1" falsecount="1"/>
          <line num="11" count="4" type="stmt"/>
          <line num="17" count="1" type="stmt"/>
          <line num="20" count="0" type="stmt"/>
          <line num="23" count="0" type="stmt"/>
          <line num="27" count="1" type="stmt"/>
        </file>
      </package>
    </metrics>
  </project>
</coverage>
