{
  "/media/storage/ws/js/linus/linus-core/src/LinusDialogBase.js": {
    "path": "/media/storage/ws/js/linus/linus-core/src/LinusDialogBase.js",
    "statementMap": {
      "0": {
        "start": { "line": 4, "column": 17 },
        "end": { "line": 4, "column": 22 }
      },
      "1": {
        "start": { "line": 17, "column": 4 },
        "end": { "line": 21, "column": 6 }
      },
      "2": {
        "start": { "line": 20, "column": 47 },
        "end": { "line": 20, "column": 69 }
      },
      "3": {
        "start": { "line": 23, "column": 4 },
        "end": { "line": 23, "column": 31 }
      },
      "4": {
        "start": { "line": 24, "column": 4 },
        "end": { "line": 24, "column": 40 }
      },
      "5": {
        "start": { "line": 33, "column": 4 },
        "end": { "line": 42, "column": 8 }
      },
      "6": {
        "start": { "line": 39, "column": 6 },
        "end": { "line": 42, "column": 8 }
      },
      "7": {
        "start": { "line": 43, "column": 4 },
        "end": { "line": 52, "column": 5 }
      },
      "8": {
        "start": { "line": 47, "column": 6 },
        "end": { "line": 51, "column": 8 }
      },
      "9": {
        "start": { "line": 53, "column": 4 },
        "end": { "line": 53, "column": 62 }
      },
      "10": {
        "start": { "line": 61, "column": 4 },
        "end": { "line": 61, "column": 47 }
      },
      "11": {
        "start": { "line": 70, "column": 21 },
        "end": { "line": 72, "column": 5 }
      },
      "12": {
        "start": { "line": 71, "column": 19 },
        "end": { "line": 71, "column": 63 }
      },
      "13": {
        "start": { "line": 77, "column": 4 },
        "end": { "line": 77, "column": 74 }
      },
      "14": {
        "start": { "line": 77, "column": 48 },
        "end": { "line": 77, "column": 72 }
      },
      "15": {
        "start": { "line": 86, "column": 22 },
        "end": { "line": 86, "column": 57 }
      },
      "16": {
        "start": { "line": 87, "column": 4 },
        "end": { "line": 87, "column": 80 }
      },
      "17": {
        "start": { "line": 87, "column": 20 },
        "end": { "line": 87, "column": 80 }
      },
      "18": {
        "start": { "line": 88, "column": 4 },
        "end": { "line": 88, "column": 21 }
      },
      "19": {
        "start": { "line": 97, "column": 4 },
        "end": { "line": 97, "column": 34 }
      },
      "20": {
        "start": { "line": 97, "column": 24 },
        "end": { "line": 97, "column": 34 }
      },
      "21": {
        "start": { "line": 98, "column": 4 },
        "end": { "line": 98, "column": 48 }
      },
      "22": {
        "start": { "line": 108, "column": 6 },
        "end": { "line": 110, "column": 59 }
      },
      "23": {
        "start": { "line": 111, "column": 28 },
        "end": { "line": 111, "column": 70 }
      },
      "24": {
        "start": { "line": 112, "column": 4 },
        "end": { "line": 112, "column": 53 }
      },
      "25": {
        "start": { "line": 122, "column": 26 },
        "end": { "line": 122, "column": 49 }
      },
      "26": {
        "start": { "line": 123, "column": 4 },
        "end": { "line": 123, "column": 71 }
      },
      "27": {
        "start": { "line": 133, "column": 4 },
        "end": { "line": 133, "column": 28 }
      },
      "28": {
        "start": { "line": 140, "column": 32 },
        "end": { "line": 140, "column": 39 }
      },
      "29": {
        "start": { "line": 141, "column": 4 },
        "end": { "line": 141, "column": 40 }
      },
      "30": {
        "start": { "line": 158, "column": 6 },
        "end": { "line": 158, "column": 68 }
      },
      "31": {
        "start": { "line": 159, "column": 28 },
        "end": { "line": 159, "column": 58 }
      },
      "32": {
        "start": { "line": 160, "column": 26 },
        "end": { "line": 160, "column": 76 }
      },
      "33": {
        "start": { "line": 161, "column": 28 },
        "end": { "line": 161, "column": 66 }
      }
    },
    "fnMap": {
      "0": {
        "name": "(anonymous_0)",
        "decl": {
          "start": { "line": 10, "column": 2 },
          "end": { "line": 10, "column": 3 }
        },
        "loc": {
          "start": { "line": 16, "column": 5 },
          "end": { "line": 25, "column": 3 }
        },
        "line": 16
      },
      "1": {
        "name": "(anonymous_1)",
        "decl": {
          "start": { "line": 20, "column": 42 },
          "end": { "line": 20, "column": 43 }
        },
        "loc": {
          "start": { "line": 20, "column": 47 },
          "end": { "line": 20, "column": 69 }
        },
        "line": 20
      },
      "2": {
        "name": "(anonymous_2)",
        "decl": {
          "start": { "line": 32, "column": 22 },
          "end": { "line": 32, "column": 23 }
        },
        "loc": {
          "start": { "line": 32, "column": 55 },
          "end": { "line": 54, "column": 3 }
        },
        "line": 32
      },
      "3": {
        "name": "(anonymous_3)",
        "decl": {
          "start": { "line": 60, "column": 23 },
          "end": { "line": 60, "column": 24 }
        },
        "loc": {
          "start": { "line": 60, "column": 37 },
          "end": { "line": 62, "column": 3 }
        },
        "line": 60
      },
      "4": {
        "name": "(anonymous_4)",
        "decl": {
          "start": { "line": 69, "column": 18 },
          "end": { "line": 69, "column": 19 }
        },
        "loc": {
          "start": { "line": 69, "column": 49 },
          "end": { "line": 78, "column": 3 }
        },
        "line": 69
      },
      "5": {
        "name": "(anonymous_5)",
        "decl": {
          "start": { "line": 71, "column": 6 },
          "end": { "line": 71, "column": 7 }
        },
        "loc": {
          "start": { "line": 71, "column": 19 },
          "end": { "line": 71, "column": 63 }
        },
        "line": 71
      },
      "6": {
        "name": "(anonymous_6)",
        "decl": {
          "start": { "line": 77, "column": 38 },
          "end": { "line": 77, "column": 39 }
        },
        "loc": {
          "start": { "line": 77, "column": 48 },
          "end": { "line": 77, "column": 72 }
        },
        "line": 77
      },
      "7": {
        "name": "(anonymous_7)",
        "decl": {
          "start": { "line": 85, "column": 17 },
          "end": { "line": 85, "column": 18 }
        },
        "loc": {
          "start": { "line": 85, "column": 32 },
          "end": { "line": 89, "column": 3 }
        },
        "line": 85
      },
      "8": {
        "name": "(anonymous_8)",
        "decl": {
          "start": { "line": 96, "column": 18 },
          "end": { "line": 96, "column": 19 }
        },
        "loc": {
          "start": { "line": 96, "column": 35 },
          "end": { "line": 99, "column": 3 }
        },
        "line": 96
      },
      "9": {
        "name": "(anonymous_9)",
        "decl": {
          "start": { "line": 106, "column": 23 },
          "end": { "line": 106, "column": 24 }
        },
        "loc": {
          "start": { "line": 106, "column": 32 },
          "end": { "line": 113, "column": 3 }
        },
        "line": 106
      },
      "10": {
        "name": "(anonymous_10)",
        "decl": {
          "start": { "line": 121, "column": 18 },
          "end": { "line": 121, "column": 19 }
        },
        "loc": {
          "start": { "line": 121, "column": 39 },
          "end": { "line": 124, "column": 3 }
        },
        "line": 121
      },
      "11": {
        "name": "(anonymous_11)",
        "decl": {
          "start": { "line": 131, "column": 13 },
          "end": { "line": 131, "column": 14 }
        },
        "loc": {
          "start": { "line": 133, "column": 4 },
          "end": { "line": 133, "column": 28 }
        },
        "line": 133
      },
      "12": {
        "name": "(anonymous_12)",
        "decl": {
          "start": { "line": 139, "column": 8 },
          "end": { "line": 139, "column": 9 }
        },
        "loc": {
          "start": { "line": 139, "column": 19 },
          "end": { "line": 142, "column": 3 }
        },
        "line": 139
      },
      "13": {
        "name": "(anonymous_13)",
        "decl": {
          "start": { "line": 144, "column": 25 },
          "end": { "line": 144, "column": 26 }
        },
        "loc": {
          "start": { "line": 144, "column": 34 },
          "end": { "line": 146, "column": 3 }
        },
        "line": 144
      },
      "14": {
        "name": "(anonymous_14)",
        "decl": {
          "start": { "line": 148, "column": 29 },
          "end": { "line": 148, "column": 30 }
        },
        "loc": {
          "start": { "line": 148, "column": 56 },
          "end": { "line": 150, "column": 3 }
        },
        "line": 148
      },
      "15": {
        "name": "(anonymous_15)",
        "decl": {
          "start": { "line": 151, "column": 25 },
          "end": { "line": 151, "column": 26 }
        },
        "loc": {
          "start": { "line": 151, "column": 52 },
          "end": { "line": 153, "column": 3 }
        },
        "line": 151
      },
      "16": {
        "name": "(anonymous_16)",
        "decl": {
          "start": { "line": 155, "column": 12 },
          "end": { "line": 155, "column": 13 }
        },
        "loc": {
          "start": { "line": 155, "column": 36 },
          "end": { "line": 164, "column": 3 }
        },
        "line": 155
      }
    },
    "branchMap": {
      "0": {
        "loc": {
          "start": { "line": 11, "column": 4 },
          "end": { "line": 11, "column": 30 }
        },
        "type": "default-arg",
        "locations": [
          {
            "start": { "line": 11, "column": 10 },
            "end": { "line": 11, "column": 30 }
          }
        ],
        "line": 11
      },
      "1": {
        "loc": {
          "start": { "line": 12, "column": 4 },
          "end": { "line": 12, "column": 15 }
        },
        "type": "default-arg",
        "locations": [
          {
            "start": { "line": 12, "column": 13 },
            "end": { "line": 12, "column": 15 }
          }
        ],
        "line": 12
      },
      "2": {
        "loc": {
          "start": { "line": 13, "column": 4 },
          "end": { "line": 13, "column": 21 }
        },
        "type": "default-arg",
        "locations": [
          {
            "start": { "line": 13, "column": 19 },
            "end": { "line": 13, "column": 21 }
          }
        ],
        "line": 13
      },
      "3": {
        "loc": {
          "start": { "line": 14, "column": 4 },
          "end": { "line": 14, "column": 17 }
        },
        "type": "default-arg",
        "locations": [
          {
            "start": { "line": 14, "column": 15 },
            "end": { "line": 14, "column": 17 }
          }
        ],
        "line": 14
      },
      "4": {
        "loc": {
          "start": { "line": 15, "column": 4 },
          "end": { "line": 15, "column": 19 }
        },
        "type": "default-arg",
        "locations": [
          {
            "start": { "line": 15, "column": 17 },
            "end": { "line": 15, "column": 19 }
          }
        ],
        "line": 15
      },
      "5": {
        "loc": {
          "start": { "line": 32, "column": 34 },
          "end": { "line": 32, "column": 50 }
        },
        "type": "default-arg",
        "locations": [
          {
            "start": { "line": 32, "column": 46 },
            "end": { "line": 32, "column": 50 }
          }
        ],
        "line": 32
      },
      "6": {
        "loc": {
          "start": { "line": 33, "column": 4 },
          "end": { "line": 42, "column": 8 }
        },
        "type": "if",
        "locations": [
          {
            "start": { "line": 33, "column": 4 },
            "end": { "line": 42, "column": 8 }
          },
          {
            "start": { "line": 33, "column": 4 },
            "end": { "line": 42, "column": 8 }
          }
        ],
        "line": 33
      },
      "7": {
        "loc": {
          "start": { "line": 34, "column": 6 },
          "end": { "line": 37, "column": 39 }
        },
        "type": "binary-expr",
        "locations": [
          {
            "start": { "line": 34, "column": 6 },
            "end": { "line": 34, "column": 16 }
          },
          {
            "start": { "line": 35, "column": 6 },
            "end": { "line": 35, "column": 19 }
          },
          {
            "start": { "line": 36, "column": 6 },
            "end": { "line": 36, "column": 25 }
          },
          {
            "start": { "line": 37, "column": 6 },
            "end": { "line": 37, "column": 39 }
          }
        ],
        "line": 34
      },
      "8": {
        "loc": {
          "start": { "line": 40, "column": 29 },
          "end": { "line": 41, "column": 22 }
        },
        "type": "binary-expr",
        "locations": [
          {
            "start": { "line": 40, "column": 29 },
            "end": { "line": 40, "column": 38 }
          },
          {
            "start": { "line": 41, "column": 10 },
            "end": { "line": 41, "column": 22 }
          }
        ],
        "line": 40
      },
      "9": {
        "loc": {
          "start": { "line": 43, "column": 4 },
          "end": { "line": 52, "column": 5 }
        },
        "type": "if",
        "locations": [
          {
            "start": { "line": 43, "column": 4 },
            "end": { "line": 52, "column": 5 }
          },
          {
            "start": { "line": 43, "column": 4 },
            "end": { "line": 52, "column": 5 }
          }
        ],
        "line": 43
      },
      "10": {
        "loc": {
          "start": { "line": 44, "column": 6 },
          "end": { "line": 45, "column": 53 }
        },
        "type": "binary-expr",
        "locations": [
          {
            "start": { "line": 44, "column": 6 },
            "end": { "line": 44, "column": 25 }
          },
          {
            "start": { "line": 45, "column": 6 },
            "end": { "line": 45, "column": 53 }
          }
        ],
        "line": 44
      },
      "11": {
        "loc": {
          "start": { "line": 87, "column": 4 },
          "end": { "line": 87, "column": 80 }
        },
        "type": "if",
        "locations": [
          {
            "start": { "line": 87, "column": 4 },
            "end": { "line": 87, "column": 80 }
          },
          {
            "start": { "line": 87, "column": 4 },
            "end": { "line": 87, "column": 80 }
          }
        ],
        "line": 87
      },
      "12": {
        "loc": {
          "start": { "line": 97, "column": 4 },
          "end": { "line": 97, "column": 34 }
        },
        "type": "if",
        "locations": [
          {
            "start": { "line": 97, "column": 4 },
            "end": { "line": 97, "column": 34 }
          },
          {
            "start": { "line": 97, "column": 4 },
            "end": { "line": 97, "column": 34 }
          }
        ],
        "line": 97
      },
      "13": {
        "loc": {
          "start": { "line": 108, "column": 6 },
          "end": { "line": 110, "column": 59 }
        },
        "type": "cond-expr",
        "locations": [
          {
            "start": { "line": 109, "column": 10 },
            "end": { "line": 109, "column": 12 }
          },
          {
            "start": { "line": 110, "column": 10 },
            "end": { "line": 110, "column": 59 }
          }
        ],
        "line": 108
      },
      "14": {
        "loc": {
          "start": { "line": 111, "column": 47 },
          "end": { "line": 111, "column": 69 }
        },
        "type": "binary-expr",
        "locations": [
          {
            "start": { "line": 111, "column": 47 },
            "end": { "line": 111, "column": 63 }
          },
          {
            "start": { "line": 111, "column": 67 },
            "end": { "line": 111, "column": 69 }
          }
        ],
        "line": 111
      },
      "15": {
        "loc": {
          "start": { "line": 140, "column": 12 },
          "end": { "line": 140, "column": 27 }
        },
        "type": "default-arg",
        "locations": [
          {
            "start": { "line": 140, "column": 25 },
            "end": { "line": 140, "column": 27 }
          }
        ],
        "line": 140
      },
      "16": {
        "loc": {
          "start": { "line": 158, "column": 6 },
          "end": { "line": 158, "column": 68 }
        },
        "type": "binary-expr",
        "locations": [
          {
            "start": { "line": 158, "column": 6 },
            "end": { "line": 158, "column": 42 }
          },
          {
            "start": { "line": 158, "column": 46 },
            "end": { "line": 158, "column": 68 }
          }
        ],
        "line": 158
      }
    },
    "s": {
      "0": 1,
      "1": 15,
      "2": 45,
      "3": 15,
      "4": 15,
      "5": 14,
      "6": 3,
      "7": 11,
      "8": 1,
      "9": 10,
      "10": 16,
      "11": 2,
      "12": 4,
      "13": 2,
      "14": 2,
      "15": 7,
      "16": 7,
      "17": 1,
      "18": 6,
      "19": 5,
      "20": 1,
      "21": 4,
      "22": 2,
      "23": 2,
      "24": 2,
      "25": 0,
      "26": 0,
      "27": 3,
      "28": 0,
      "29": 0,
      "30": 0,
      "31": 0,
      "32": 0,
      "33": 0
    },
    "f": {
      "0": 15,
      "1": 45,
      "2": 14,
      "3": 16,
      "4": 2,
      "5": 4,
      "6": 2,
      "7": 7,
      "8": 5,
      "9": 2,
      "10": 0,
      "11": 3,
      "12": 0,
      "13": 0,
      "14": 0,
      "15": 0,
      "16": 0
    },
    "b": {
      "0": [0],
      "1": [0],
      "2": [0],
      "3": [15],
      "4": [15],
      "5": [11],
      "6": [3, 11],
      "7": [14, 14, 13, 12],
      "8": [3, 3],
      "9": [1, 10],
      "10": [11, 1],
      "11": [1, 6],
      "12": [1, 4],
      "13": [0, 2],
      "14": [2, 0],
      "15": [0],
      "16": [0, 0]
    },
    "_coverageSchema": "332fd63041d2c1bcb487cc26dd0d5f7d97098a6c",
    "hash": "68bcdc8d2ecea311e9d36416ba3066fa089def9a"
  },
  "/media/storage/ws/js/linus/linus-core/src/utils/requiredParam.js": {
    "path": "/media/storage/ws/js/linus/linus-core/src/utils/requiredParam.js",
    "statementMap": {
      "0": {
        "start": { "line": 1, "column": 0 },
        "end": { "line": 10, "column": 2 }
      },
      "1": {
        "start": { "line": 2, "column": 29 },
        "end": { "line": 4, "column": 3 }
      },
      "2": {
        "start": { "line": 6, "column": 2 },
        "end": { "line": 8, "column": 3 }
      },
      "3": {
        "start": { "line": 7, "column": 4 },
        "end": { "line": 7, "column": 63 }
      },
      "4": {
        "start": { "line": 9, "column": 2 },
        "end": { "line": 9, "column": 27 }
      }
    },
    "fnMap": {
      "0": {
        "name": "requiredParam",
        "decl": {
          "start": { "line": 1, "column": 26 },
          "end": { "line": 1, "column": 39 }
        },
        "loc": {
          "start": { "line": 1, "column": 47 },
          "end": { "line": 10, "column": 1 }
        },
        "line": 1
      }
    },
    "branchMap": {
      "0": {
        "loc": {
          "start": { "line": 6, "column": 2 },
          "end": { "line": 8, "column": 3 }
        },
        "type": "if",
        "locations": [
          {
            "start": { "line": 6, "column": 2 },
            "end": { "line": 8, "column": 3 }
          },
          {
            "start": { "line": 6, "column": 2 },
            "end": { "line": 8, "column": 3 }
          }
        ],
        "line": 6
      }
    },
    "s": { "0": 2, "1": 2, "2": 2, "3": 2, "4": 2 },
    "f": { "0": 2 },
    "b": { "0": [2, 0] },
    "_coverageSchema": "332fd63041d2c1bcb487cc26dd0d5f7d97098a6c",
    "hash": "5d118c52a8c1a2166cd0a6edfc66fe14dc8ddc94"
  },
  "/media/storage/ws/js/linus/linus-core/src/utils/test/helpers.js": {
    "path": "/media/storage/ws/js/linus/linus-core/src/utils/test/helpers.js",
    "statementMap": {
      "0": {
        "start": { "line": 1, "column": 20 },
        "end": { "line": 2, "column": 63 }
      },
      "1": {
        "start": { "line": 2, "column": 2 },
        "end": { "line": 2, "column": 63 }
      },
      "2": {
        "start": { "line": 2, "column": 25 },
        "end": { "line": 2, "column": 62 }
      },
      "3": {
        "start": { "line": 4, "column": 22 },
        "end": { "line": 4, "column": 26 }
      },
      "4": {
        "start": { "line": 5, "column": 22 },
        "end": { "line": 5, "column": 26 }
      },
      "5": {
        "start": { "line": 6, "column": 22 },
        "end": { "line": 6, "column": 26 }
      },
      "6": {
        "start": { "line": 7, "column": 23 },
        "end": { "line": 7, "column": 27 }
      },
      "7": {
        "start": { "line": 8, "column": 24 },
        "end": { "line": 8, "column": 29 }
      }
    },
    "fnMap": {
      "0": {
        "name": "(anonymous_0)",
        "decl": {
          "start": { "line": 1, "column": 20 },
          "end": { "line": 1, "column": 21 }
        },
        "loc": {
          "start": { "line": 2, "column": 2 },
          "end": { "line": 2, "column": 63 }
        },
        "line": 2
      },
      "1": {
        "name": "(anonymous_1)",
        "decl": {
          "start": { "line": 2, "column": 14 },
          "end": { "line": 2, "column": 15 }
        },
        "loc": {
          "start": { "line": 2, "column": 25 },
          "end": { "line": 2, "column": 62 }
        },
        "line": 2
      }
    },
    "branchMap": {},
    "s": { "0": 1, "1": 4, "2": 4, "3": 1, "4": 1, "5": 1, "6": 1, "7": 1 },
    "f": { "0": 4, "1": 4 },
    "b": {},
    "_coverageSchema": "332fd63041d2c1bcb487cc26dd0d5f7d97098a6c",
    "hash": "11d8b9c09030b5e11fd2d5afc91b026d9ed65fd3"
  },
  "/media/storage/ws/js/linus/linus-core/src/utils/test/test-bot-data.js": {
    "path":
      "/media/storage/ws/js/linus/linus-core/src/utils/test/test-bot-data.js",
    "statementMap": {
      "0": {
        "start": { "line": 3, "column": 0 },
        "end": { "line": 181, "column": 2 }
      }
    },
    "fnMap": {},
    "branchMap": {},
    "s": { "0": 1 },
    "f": {},
    "b": {},
    "_coverageSchema": "332fd63041d2c1bcb487cc26dd0d5f7d97098a6c",
    "hash": "854876a1383d078d015fff400227b95123f66b3c"
  },
  "/media/storage/ws/js/linus/linus-core/src/utils/test/tokenizers.js": {
    "path":
      "/media/storage/ws/js/linus/linus-core/src/utils/test/tokenizers.js",
    "statementMap": {
      "0": {
        "start": { "line": 3, "column": 30 },
        "end": { "line": 6, "column": 2 }
      },
      "1": {
        "start": { "line": 3, "column": 58 },
        "end": { "line": 6, "column": 1 }
      },
      "2": {
        "start": { "line": 8, "column": 29 },
        "end": { "line": 15, "column": 2 }
      },
      "3": {
        "start": { "line": 8, "column": 71 },
        "end": { "line": 15, "column": 1 }
      },
      "4": {
        "start": { "line": 11, "column": 4 },
        "end": { "line": 14, "column": 7 }
      },
      "5": {
        "start": { "line": 11, "column": 31 },
        "end": { "line": 14, "column": 5 }
      },
      "6": {
        "start": { "line": 17, "column": 34 },
        "end": { "line": 25, "column": 2 }
      },
      "7": {
        "start": { "line": 20, "column": 7 },
        "end": { "line": 25, "column": 1 }
      },
      "8": {
        "start": { "line": 23, "column": 4 },
        "end": { "line": 23, "column": 69 }
      },
      "9": {
        "start": { "line": 23, "column": 30 },
        "end": { "line": 23, "column": 66 }
      },
      "10": {
        "start": { "line": 27, "column": 19 },
        "end": { "line": 27, "column": 24 }
      }
    },
    "fnMap": {
      "0": {
        "name": "(anonymous_0)",
        "decl": {
          "start": { "line": 3, "column": 30 },
          "end": { "line": 3, "column": 31 }
        },
        "loc": {
          "start": { "line": 3, "column": 58 },
          "end": { "line": 6, "column": 1 }
        },
        "line": 3
      },
      "1": {
        "name": "(anonymous_1)",
        "decl": {
          "start": { "line": 5, "column": 12 },
          "end": { "line": 5, "column": 13 }
        },
        "loc": {
          "start": { "line": 5, "column": 18 },
          "end": { "line": 5, "column": 20 }
        },
        "line": 5
      },
      "2": {
        "name": "(anonymous_2)",
        "decl": {
          "start": { "line": 8, "column": 29 },
          "end": { "line": 8, "column": 30 }
        },
        "loc": {
          "start": { "line": 8, "column": 71 },
          "end": { "line": 15, "column": 1 }
        },
        "line": 8
      },
      "3": {
        "name": "(anonymous_3)",
        "decl": {
          "start": { "line": 10, "column": 12 },
          "end": { "line": 10, "column": 13 }
        },
        "loc": {
          "start": { "line": 11, "column": 4 },
          "end": { "line": 14, "column": 7 }
        },
        "line": 11
      },
      "4": {
        "name": "(anonymous_4)",
        "decl": {
          "start": { "line": 11, "column": 24 },
          "end": { "line": 11, "column": 25 }
        },
        "loc": {
          "start": { "line": 11, "column": 31 },
          "end": { "line": 14, "column": 5 }
        },
        "line": 11
      },
      "5": {
        "name": "(anonymous_5)",
        "decl": {
          "start": { "line": 17, "column": 34 },
          "end": { "line": 17, "column": 35 }
        },
        "loc": {
          "start": { "line": 20, "column": 7 },
          "end": { "line": 25, "column": 1 }
        },
        "line": 20
      },
      "6": {
        "name": "(anonymous_6)",
        "decl": {
          "start": { "line": 22, "column": 12 },
          "end": { "line": 22, "column": 13 }
        },
        "loc": {
          "start": { "line": 22, "column": 25 },
          "end": { "line": 24, "column": 3 }
        },
        "line": 22
      },
      "7": {
        "name": "(anonymous_7)",
        "decl": {
          "start": { "line": 23, "column": 23 },
          "end": { "line": 23, "column": 24 }
        },
        "loc": {
          "start": { "line": 23, "column": 30 },
          "end": { "line": 23, "column": 66 }
        },
        "line": 23
      }
    },
    "branchMap": {
      "0": {
        "loc": {
          "start": { "line": 3, "column": 31 },
          "end": { "line": 3, "column": 52 }
        },
        "type": "default-arg",
        "locations": [
          {
            "start": { "line": 3, "column": 36 },
            "end": { "line": 3, "column": 52 }
          }
        ],
        "line": 3
      },
      "1": {
        "loc": {
          "start": { "line": 8, "column": 30 },
          "end": { "line": 8, "column": 50 }
        },
        "type": "default-arg",
        "locations": [
          {
            "start": { "line": 8, "column": 35 },
            "end": { "line": 8, "column": 50 }
          }
        ],
        "line": 8
      },
      "2": {
        "loc": {
          "start": { "line": 8, "column": 52 },
          "end": { "line": 8, "column": 65 }
        },
        "type": "default-arg",
        "locations": [
          {
            "start": { "line": 8, "column": 63 },
            "end": { "line": 8, "column": 65 }
          }
        ],
        "line": 8
      },
      "3": {
        "loc": {
          "start": { "line": 18, "column": 2 },
          "end": { "line": 18, "column": 34 }
        },
        "type": "default-arg",
        "locations": [
          {
            "start": { "line": 18, "column": 16 },
            "end": { "line": 18, "column": 34 }
          }
        ],
        "line": 18
      },
      "4": {
        "loc": {
          "start": { "line": 19, "column": 2 },
          "end": { "line": 19, "column": 18 }
        },
        "type": "default-arg",
        "locations": [
          {
            "start": { "line": 19, "column": 12 },
            "end": { "line": 19, "column": 18 }
          }
        ],
        "line": 19
      }
    },
    "s": {
      "0": 1,
      "1": 12,
      "2": 1,
      "3": 8,
      "4": 4,
      "5": 4,
      "6": 1,
      "7": 0,
      "8": 0,
      "9": 0,
      "10": 1
    },
    "f": { "0": 12, "1": 0, "2": 8, "3": 4, "4": 4, "5": 0, "6": 0, "7": 0 },
    "b": { "0": [3], "1": [0], "2": [6], "3": [0], "4": [0] },
    "_coverageSchema": "332fd63041d2c1bcb487cc26dd0d5f7d97098a6c",
    "hash": "aee2c8ff71b3ad645241dc7480c89d8858578ef9"
  }
}
