{
  "/media/storage/ws/js/linus/linus-core/src/LinusDialog.js": {
    "path": "/media/storage/ws/js/linus/linus-core/src/LinusDialog.js",
    "statementMap": {
      "0": {
        "start": { "line": 3, "column": 13 },
        "end": { "line": 3, "column": 27 }
      },
      "1": {
        "start": { "line": 5, "column": 29 },
        "end": { "line": 10, "column": 1 }
      },
      "2": {
        "start": { "line": 6, "column": 2 },
        "end": { "line": 9, "column": 5 }
      },
      "3": {
        "start": { "line": 8, "column": 4 },
        "end": { "line": 8, "column": 23 }
      },
      "4": {
        "start": { "line": 14, "column": 4 },
        "end": { "line": 14, "column": 47 }
      },
      "5": {
        "start": { "line": 15, "column": 4 },
        "end": { "line": 26, "column": 7 }
      },
      "6": {
        "start": { "line": 29, "column": 30 },
        "end": { "line": 29, "column": 62 }
      },
      "7": {
        "start": { "line": 30, "column": 19 },
        "end": { "line": 30, "column": 42 }
      },
      "8": {
        "start": { "line": 32, "column": 4 },
        "end": { "line": 32, "column": 54 }
      }
    },
    "fnMap": {
      "0": {
        "name": "(anonymous_0)",
        "decl": {
          "start": { "line": 5, "column": 29 },
          "end": { "line": 5, "column": 30 }
        },
        "loc": {
          "start": { "line": 5, "column": 55 },
          "end": { "line": 10, "column": 1 }
        },
        "line": 5
      },
      "1": {
        "name": "(anonymous_1)",
        "decl": {
          "start": { "line": 6, "column": 18 },
          "end": { "line": 6, "column": 19 }
        },
        "loc": {
          "start": { "line": 6, "column": 23 },
          "end": { "line": 9, "column": 3 }
        },
        "line": 6
      },
      "2": {
        "name": "(anonymous_2)",
        "decl": {
          "start": { "line": 13, "column": 2 },
          "end": { "line": 13, "column": 3 }
        },
        "loc": {
          "start": { "line": 13, "column": 24 },
          "end": { "line": 27, "column": 3 }
        },
        "line": 13
      },
      "3": {
        "name": "(anonymous_3)",
        "decl": {
          "start": { "line": 29, "column": 12 },
          "end": { "line": 29, "column": 13 }
        },
        "loc": {
          "start": { "line": 29, "column": 30 },
          "end": { "line": 29, "column": 62 }
        },
        "line": 29
      },
      "4": {
        "name": "(anonymous_4)",
        "decl": {
          "start": { "line": 30, "column": 8 },
          "end": { "line": 30, "column": 9 }
        },
        "loc": {
          "start": { "line": 30, "column": 19 },
          "end": { "line": 30, "column": 42 }
        },
        "line": 30
      },
      "5": {
        "name": "(anonymous_5)",
        "decl": {
          "start": { "line": 31, "column": 22 },
          "end": { "line": 31, "column": 23 }
        },
        "loc": {
          "start": { "line": 32, "column": 4 },
          "end": { "line": 32, "column": 54 }
        },
        "line": 32
      }
    },
    "branchMap": {},
    "s": {
      "0": 1,
      "1": 1,
      "2": 5,
      "3": 50,
      "4": 5,
      "5": 5,
      "6": 4,
      "7": 12,
      "8": 0
    },
    "f": { "0": 5, "1": 50, "2": 5, "3": 4, "4": 12, "5": 0 },
    "b": {},
    "_coverageSchema": "332fd63041d2c1bcb487cc26dd0d5f7d97098a6c",
    "hash": "0a6f9ee858758249339246602c85afa70be3d8cc"
  },
  "/media/storage/ws/js/linus/linus-core/src/LinusDialogBase.js": {
    "path": "/media/storage/ws/js/linus/linus-core/src/LinusDialogBase.js",
    "statementMap": {
      "0": {
        "start": { "line": 9, "column": 14 },
        "end": { "line": 9, "column": 49 }
      },
      "1": {
        "start": { "line": 12, "column": 13 },
        "end": { "line": 12, "column": 47 }
      },
      "2": {
        "start": { "line": 23, "column": 29 },
        "end": { "line": 23, "column": 34 }
      },
      "3": {
        "start": { "line": 24, "column": 25 },
        "end": { "line": 24, "column": 31 }
      },
      "4": {
        "start": { "line": 39, "column": 4 },
        "end": { "line": 39, "column": 12 }
      },
      "5": {
        "start": { "line": 40, "column": 4 },
        "end": { "line": 40, "column": 51 }
      },
      "6": {
        "start": { "line": 42, "column": 4 },
        "end": { "line": 48, "column": 6 }
      },
      "7": {
        "start": { "line": 50, "column": 4 },
        "end": { "line": 50, "column": 31 }
      },
      "8": {
        "start": { "line": 51, "column": 4 },
        "end": { "line": 51, "column": 40 }
      },
      "9": {
        "start": { "line": 60, "column": 4 },
        "end": { "line": 65, "column": 10 }
      },
      "10": {
        "start": { "line": 61, "column": 18 },
        "end": { "line": 61, "column": 19 }
      },
      "11": {
        "start": { "line": 62, "column": 6 },
        "end": { "line": 62, "column": 44 }
      },
      "12": {
        "start": { "line": 63, "column": 6 },
        "end": { "line": 63, "column": 46 }
      },
      "13": {
        "start": { "line": 64, "column": 6 },
        "end": { "line": 64, "column": 17 }
      },
      "14": {
        "start": { "line": 73, "column": 4 },
        "end": { "line": 77, "column": 7 }
      },
      "15": {
        "start": { "line": 73, "column": 27 },
        "end": { "line": 77, "column": 5 }
      },
      "16": {
        "start": { "line": 85, "column": 4 },
        "end": { "line": 90, "column": 7 }
      },
      "17": {
        "start": { "line": 85, "column": 21 },
        "end": { "line": 90, "column": 5 }
      },
      "18": {
        "start": { "line": 98, "column": 4 },
        "end": { "line": 102, "column": 7 }
      },
      "19": {
        "start": { "line": 98, "column": 22 },
        "end": { "line": 102, "column": 5 }
      },
      "20": {
        "start": { "line": 110, "column": 4 },
        "end": { "line": 116, "column": 7 }
      },
      "21": {
        "start": { "line": 110, "column": 20 },
        "end": { "line": 116, "column": 5 }
      },
      "22": {
        "start": { "line": 124, "column": 4 },
        "end": { "line": 133, "column": 8 }
      },
      "23": {
        "start": { "line": 130, "column": 6 },
        "end": { "line": 133, "column": 8 }
      },
      "24": {
        "start": { "line": 134, "column": 4 },
        "end": { "line": 143, "column": 5 }
      },
      "25": {
        "start": { "line": 138, "column": 6 },
        "end": { "line": 142, "column": 8 }
      },
      "26": {
        "start": { "line": 144, "column": 4 },
        "end": { "line": 144, "column": 53 }
      },
      "27": {
        "start": { "line": 152, "column": 4 },
        "end": { "line": 152, "column": 47 }
      },
      "28": {
        "start": { "line": 160, "column": 4 },
        "end": { "line": 167, "column": 7 }
      },
      "29": {
        "start": { "line": 161, "column": 6 },
        "end": { "line": 166, "column": 7 }
      },
      "30": {
        "start": { "line": 162, "column": 8 },
        "end": { "line": 162, "column": 26 }
      },
      "31": {
        "start": { "line": 165, "column": 8 },
        "end": { "line": 165, "column": 54 }
      },
      "32": {
        "start": { "line": 177, "column": 21 },
        "end": { "line": 186, "column": 6 }
      },
      "33": {
        "start": { "line": 178, "column": 6 },
        "end": { "line": 185, "column": 7 }
      },
      "34": {
        "start": { "line": 179, "column": 8 },
        "end": { "line": 179, "column": 67 }
      },
      "35": {
        "start": { "line": 181, "column": 8 },
        "end": { "line": 184, "column": 10 }
      },
      "36": {
        "start": { "line": 194, "column": 4 },
        "end": { "line": 194, "column": 74 }
      },
      "37": {
        "start": { "line": 194, "column": 48 },
        "end": { "line": 194, "column": 72 }
      },
      "38": {
        "start": { "line": 203, "column": 22 },
        "end": { "line": 203, "column": 57 }
      },
      "39": {
        "start": { "line": 204, "column": 4 },
        "end": { "line": 204, "column": 80 }
      },
      "40": {
        "start": { "line": 204, "column": 20 },
        "end": { "line": 204, "column": 80 }
      },
      "41": {
        "start": { "line": 205, "column": 4 },
        "end": { "line": 205, "column": 21 }
      },
      "42": {
        "start": { "line": 214, "column": 4 },
        "end": { "line": 214, "column": 34 }
      },
      "43": {
        "start": { "line": 214, "column": 24 },
        "end": { "line": 214, "column": 34 }
      },
      "44": {
        "start": { "line": 215, "column": 4 },
        "end": { "line": 215, "column": 48 }
      },
      "45": {
        "start": { "line": 225, "column": 6 },
        "end": { "line": 227, "column": 59 }
      },
      "46": {
        "start": { "line": 228, "column": 28 },
        "end": { "line": 228, "column": 70 }
      },
      "47": {
        "start": { "line": 229, "column": 4 },
        "end": { "line": 229, "column": 53 }
      },
      "48": {
        "start": { "line": 241, "column": 26 },
        "end": { "line": 241, "column": 55 }
      },
      "49": {
        "start": { "line": 242, "column": 4 },
        "end": { "line": 247, "column": 6 }
      },
      "50": {
        "start": { "line": 259, "column": 4 },
        "end": { "line": 265, "column": 5 }
      },
      "51": {
        "start": { "line": 260, "column": 6 },
        "end": { "line": 260, "column": 65 }
      },
      "52": {
        "start": { "line": 261, "column": 11 },
        "end": { "line": 265, "column": 5 }
      },
      "53": {
        "start": { "line": 262, "column": 6 },
        "end": { "line": 264, "column": 8 }
      },
      "54": {
        "start": { "line": 266, "column": 4 },
        "end": { "line": 266, "column": 25 }
      },
      "55": {
        "start": { "line": 277, "column": 26 },
        "end": { "line": 277, "column": 55 }
      },
      "56": {
        "start": { "line": 278, "column": 4 },
        "end": { "line": 284, "column": 6 }
      },
      "57": {
        "start": { "line": 294, "column": 4 },
        "end": { "line": 294, "column": 27 }
      },
      "58": {
        "start": { "line": 295, "column": 4 },
        "end": { "line": 299, "column": 6 }
      },
      "59": {
        "start": { "line": 308, "column": 18 },
        "end": { "line": 308, "column": 42 }
      },
      "60": {
        "start": { "line": 309, "column": 4 },
        "end": { "line": 309, "column": 80 }
      },
      "61": {
        "start": { "line": 309, "column": 16 },
        "end": { "line": 309, "column": 80 }
      },
      "62": {
        "start": { "line": 310, "column": 4 },
        "end": { "line": 310, "column": 17 }
      },
      "63": {
        "start": { "line": 318, "column": 45 },
        "end": { "line": 318, "column": 52 }
      },
      "64": {
        "start": { "line": 319, "column": 4 },
        "end": { "line": 319, "column": 40 }
      },
      "65": {
        "start": { "line": 320, "column": 4 },
        "end": { "line": 320, "column": 39 }
      },
      "66": {
        "start": { "line": 328, "column": 36 },
        "end": { "line": 328, "column": 66 }
      },
      "67": {
        "start": { "line": 337, "column": 4 },
        "end": { "line": 355, "column": 6 }
      },
      "68": {
        "start": { "line": 338, "column": 58 },
        "end": { "line": 338, "column": 59 }
      },
      "69": {
        "start": { "line": 339, "column": 6 },
        "end": { "line": 339, "column": 63 }
      },
      "70": {
        "start": { "line": 339, "column": 51 },
        "end": { "line": 339, "column": 63 }
      },
      "71": {
        "start": { "line": 340, "column": 6 },
        "end": { "line": 340, "column": 44 }
      },
      "72": {
        "start": { "line": 340, "column": 31 },
        "end": { "line": 340, "column": 44 }
      },
      "73": {
        "start": { "line": 341, "column": 6 },
        "end": { "line": 344, "column": 10 }
      },
      "74": {
        "start": { "line": 342, "column": 8 },
        "end": { "line": 344, "column": 10 }
      },
      "75": {
        "start": { "line": 345, "column": 6 },
        "end": { "line": 354, "column": 7 }
      },
      "76": {
        "start": { "line": 346, "column": 8 },
        "end": { "line": 346, "column": 34 }
      },
      "77": {
        "start": { "line": 348, "column": 8 },
        "end": { "line": 353, "column": 10 }
      },
      "78": {
        "start": { "line": 365, "column": 34 },
        "end": { "line": 365, "column": 75 }
      },
      "79": {
        "start": { "line": 366, "column": 4 },
        "end": { "line": 369, "column": 6 }
      },
      "80": {
        "start": { "line": 368, "column": 37 },
        "end": { "line": 368, "column": 41 }
      },
      "81": {
        "start": { "line": 370, "column": 4 },
        "end": { "line": 370, "column": 71 }
      },
      "82": {
        "start": { "line": 379, "column": 4 },
        "end": { "line": 382, "column": 5 }
      },
      "83": {
        "start": { "line": 380, "column": 6 },
        "end": { "line": 380, "column": 62 }
      },
      "84": {
        "start": { "line": 381, "column": 6 },
        "end": { "line": 381, "column": 29 }
      },
      "85": {
        "start": { "line": 384, "column": 28 },
        "end": { "line": 387, "column": 31 }
      },
      "86": {
        "start": { "line": 385, "column": 24 },
        "end": { "line": 385, "column": 39 }
      },
      "87": {
        "start": { "line": 386, "column": 6 },
        "end": { "line": 386, "column": 43 }
      },
      "88": {
        "start": { "line": 388, "column": 4 },
        "end": { "line": 390, "column": 6 }
      },
      "89": {
        "start": { "line": 391, "column": 32 },
        "end": { "line": 393, "column": 5 }
      },
      "90": {
        "start": { "line": 392, "column": 11 },
        "end": { "line": 392, "column": 48 }
      },
      "91": {
        "start": { "line": 395, "column": 4 },
        "end": { "line": 398, "column": 6 }
      },
      "92": {
        "start": { "line": 397, "column": 35 },
        "end": { "line": 397, "column": 39 }
      },
      "93": {
        "start": { "line": 400, "column": 4 },
        "end": { "line": 407, "column": 5 }
      },
      "94": {
        "start": { "line": 401, "column": 30 },
        "end": { "line": 403, "column": 19 }
      },
      "95": {
        "start": { "line": 402, "column": 18 },
        "end": { "line": 402, "column": 49 }
      },
      "96": {
        "start": { "line": 404, "column": 6 },
        "end": { "line": 406, "column": 8 }
      },
      "97": {
        "start": { "line": 408, "column": 4 },
        "end": { "line": 408, "column": 34 }
      },
      "98": {
        "start": { "line": 419, "column": 4 },
        "end": { "line": 422, "column": 8 }
      },
      "99": {
        "start": { "line": 420, "column": 6 },
        "end": { "line": 422, "column": 8 }
      },
      "100": {
        "start": { "line": 423, "column": 30 },
        "end": { "line": 423, "column": 65 }
      },
      "101": {
        "start": { "line": 424, "column": 4 },
        "end": { "line": 427, "column": 6 }
      },
      "102": {
        "start": { "line": 426, "column": 33 },
        "end": { "line": 426, "column": 37 }
      },
      "103": {
        "start": { "line": 428, "column": 4 },
        "end": { "line": 428, "column": 65 }
      },
      "104": {
        "start": { "line": 441, "column": 20 },
        "end": { "line": 441, "column": 68 }
      },
      "105": {
        "start": { "line": 442, "column": 4 },
        "end": { "line": 442, "column": 65 }
      },
      "106": {
        "start": { "line": 443, "column": 20 },
        "end": { "line": 443, "column": 22 }
      },
      "107": {
        "start": { "line": 444, "column": 22 },
        "end": { "line": 444, "column": 29 }
      },
      "108": {
        "start": { "line": 445, "column": 4 },
        "end": { "line": 455, "column": 5 }
      },
      "109": {
        "start": { "line": 446, "column": 6 },
        "end": { "line": 446, "column": 48 }
      },
      "110": {
        "start": { "line": 448, "column": 27 },
        "end": { "line": 452, "column": 7 }
      },
      "111": {
        "start": { "line": 453, "column": 6 },
        "end": { "line": 453, "column": 62 }
      },
      "112": {
        "start": { "line": 454, "column": 6 },
        "end": { "line": 454, "column": 59 }
      },
      "113": {
        "start": { "line": 456, "column": 16 },
        "end": { "line": 456, "column": 51 }
      },
      "114": {
        "start": { "line": 457, "column": 4 },
        "end": { "line": 457, "column": 40 }
      },
      "115": {
        "start": { "line": 458, "column": 4 },
        "end": { "line": 458, "column": 15 }
      },
      "116": {
        "start": { "line": 473, "column": 24 },
        "end": { "line": 473, "column": 38 }
      },
      "117": {
        "start": { "line": 474, "column": 22 },
        "end": { "line": 474, "column": 29 }
      },
      "118": {
        "start": { "line": 475, "column": 24 },
        "end": { "line": 475, "column": 28 }
      },
      "119": {
        "start": { "line": 476, "column": 4 },
        "end": { "line": 476, "column": 42 }
      },
      "120": {
        "start": { "line": 477, "column": 4 },
        "end": { "line": 504, "column": 5 }
      },
      "121": {
        "start": { "line": 478, "column": 6 },
        "end": { "line": 478, "column": 41 }
      },
      "122": {
        "start": { "line": 480, "column": 33 },
        "end": { "line": 484, "column": 7 }
      },
      "123": {
        "start": { "line": 485, "column": 26 },
        "end": { "line": 485, "column": 57 }
      },
      "124": {
        "start": { "line": 486, "column": 6 },
        "end": { "line": 486, "column": 60 }
      },
      "125": {
        "start": { "line": 487, "column": 6 },
        "end": { "line": 492, "column": 62 }
      },
      "126": {
        "start": { "line": 493, "column": 6 },
        "end": { "line": 497, "column": 9 }
      },
      "127": {
        "start": { "line": 498, "column": 6 },
        "end": { "line": 498, "column": 59 }
      },
      "128": {
        "start": { "line": 499, "column": 6 },
        "end": { "line": 502, "column": 9 }
      },
      "129": {
        "start": { "line": 503, "column": 6 },
        "end": { "line": 503, "column": 32 }
      },
      "130": {
        "start": { "line": 503, "column": 26 },
        "end": { "line": 503, "column": 32 }
      },
      "131": {
        "start": { "line": 505, "column": 16 },
        "end": { "line": 505, "column": 66 }
      },
      "132": {
        "start": { "line": 506, "column": 4 },
        "end": { "line": 506, "column": 35 }
      },
      "133": {
        "start": { "line": 507, "column": 4 },
        "end": { "line": 507, "column": 15 }
      },
      "134": {
        "start": { "line": 524, "column": 4 },
        "end": { "line": 526, "column": 5 }
      },
      "135": {
        "start": { "line": 525, "column": 6 },
        "end": { "line": 525, "column": 62 }
      },
      "136": {
        "start": { "line": 527, "column": 4 },
        "end": { "line": 527, "column": 41 }
      },
      "137": {
        "start": { "line": 539, "column": 21 },
        "end": { "line": 539, "column": 28 }
      },
      "138": {
        "start": { "line": 540, "column": 23 },
        "end": { "line": 540, "column": 25 }
      },
      "139": {
        "start": { "line": 542, "column": 24 },
        "end": { "line": 542, "column": 28 }
      },
      "140": {
        "start": { "line": 543, "column": 4 },
        "end": { "line": 566, "column": 5 }
      },
      "141": {
        "start": { "line": 544, "column": 23 },
        "end": { "line": 544, "column": 35 }
      },
      "142": {
        "start": { "line": 546, "column": 29 },
        "end": { "line": 546, "column": 31 }
      },
      "143": {
        "start": { "line": 547, "column": 26 },
        "end": { "line": 547, "column": 49 }
      },
      "144": {
        "start": { "line": 549, "column": 6 },
        "end": { "line": 549, "column": 54 }
      },
      "145": {
        "start": { "line": 550, "column": 36 },
        "end": { "line": 554, "column": 7 }
      },
      "146": {
        "start": { "line": 555, "column": 6 },
        "end": { "line": 559, "column": 33 }
      },
      "147": {
        "start": { "line": 560, "column": 6 },
        "end": { "line": 563, "column": 8 }
      },
      "148": {
        "start": { "line": 564, "column": 6 },
        "end": { "line": 564, "column": 70 }
      },
      "149": {
        "start": { "line": 565, "column": 6 },
        "end": { "line": 565, "column": 32 }
      },
      "150": {
        "start": { "line": 565, "column": 26 },
        "end": { "line": 565, "column": 32 }
      },
      "151": {
        "start": { "line": 568, "column": 4 },
        "end": { "line": 572, "column": 6 }
      },
      "152": {
        "start": { "line": 580, "column": 24 },
        "end": { "line": 580, "column": 28 }
      },
      "153": {
        "start": { "line": 581, "column": 21 },
        "end": { "line": 581, "column": 28 }
      },
      "154": {
        "start": { "line": 582, "column": 23 },
        "end": { "line": 582, "column": 25 }
      },
      "155": {
        "start": { "line": 584, "column": 6 },
        "end": { "line": 584, "column": 59 }
      },
      "156": {
        "start": { "line": 585, "column": 4 },
        "end": { "line": 602, "column": 5 }
      },
      "157": {
        "start": { "line": 586, "column": 6 },
        "end": { "line": 589, "column": 8 }
      },
      "158": {
        "start": { "line": 590, "column": 6 },
        "end": { "line": 594, "column": 8 }
      },
      "159": {
        "start": { "line": 595, "column": 6 },
        "end": { "line": 595, "column": 67 }
      },
      "160": {
        "start": { "line": 596, "column": 6 },
        "end": { "line": 601, "column": 8 }
      },
      "161": {
        "start": { "line": 603, "column": 4 },
        "end": { "line": 603, "column": 58 }
      },
      "162": {
        "start": { "line": 604, "column": 29 },
        "end": { "line": 607, "column": 5 }
      },
      "163": {
        "start": { "line": 609, "column": 4 },
        "end": { "line": 613, "column": 26 }
      },
      "164": {
        "start": { "line": 615, "column": 4 },
        "end": { "line": 619, "column": 7 }
      },
      "165": {
        "start": { "line": 620, "column": 4 },
        "end": { "line": 620, "column": 75 }
      },
      "166": {
        "start": { "line": 628, "column": 21 },
        "end": { "line": 628, "column": 28 }
      },
      "167": {
        "start": { "line": 629, "column": 4 },
        "end": { "line": 635, "column": 5 }
      },
      "168": {
        "start": { "line": 630, "column": 37 },
        "end": { "line": 633, "column": 7 }
      },
      "169": {
        "start": { "line": 634, "column": 6 },
        "end": { "line": 634, "column": 49 }
      },
      "170": {
        "start": { "line": 636, "column": 4 },
        "end": { "line": 636, "column": 22 }
      },
      "171": {
        "start": { "line": 643, "column": 4 },
        "end": { "line": 646, "column": 6 }
      },
      "172": {
        "start": { "line": 647, "column": 24 },
        "end": { "line": 647, "column": 28 }
      },
      "173": {
        "start": { "line": 648, "column": 23 },
        "end": { "line": 648, "column": 25 }
      },
      "174": {
        "start": { "line": 649, "column": 21 },
        "end": { "line": 649, "column": 28 }
      },
      "175": {
        "start": { "line": 651, "column": 6 },
        "end": { "line": 651, "column": 60 }
      },
      "176": {
        "start": { "line": 653, "column": 4 },
        "end": { "line": 668, "column": 5 }
      },
      "177": {
        "start": { "line": 654, "column": 6 },
        "end": { "line": 654, "column": 79 }
      },
      "178": {
        "start": { "line": 655, "column": 6 },
        "end": { "line": 655, "column": 77 }
      },
      "179": {
        "start": { "line": 655, "column": 55 },
        "end": { "line": 655, "column": 77 }
      },
      "180": {
        "start": { "line": 657, "column": 6 },
        "end": { "line": 665, "column": 7 }
      },
      "181": {
        "start": { "line": 658, "column": 8 },
        "end": { "line": 658, "column": 70 }
      },
      "182": {
        "start": { "line": 659, "column": 30 },
        "end": { "line": 659, "column": 64 }
      },
      "183": {
        "start": { "line": 660, "column": 8 },
        "end": { "line": 660, "column": 75 }
      },
      "184": {
        "start": { "line": 661, "column": 8 },
        "end": { "line": 664, "column": 11 }
      },
      "185": {
        "start": { "line": 667, "column": 6 },
        "end": { "line": 667, "column": 64 }
      },
      "186": {
        "start": { "line": 669, "column": 4 },
        "end": { "line": 669, "column": 75 }
      },
      "187": {
        "start": { "line": 685, "column": 4 },
        "end": { "line": 687, "column": 7 }
      },
      "188": {
        "start": { "line": 686, "column": 6 },
        "end": { "line": 686, "column": 61 }
      },
      "189": {
        "start": { "line": 698, "column": 8 },
        "end": { "line": 698, "column": 50 }
      },
      "190": {
        "start": { "line": 703, "column": 8 },
        "end": { "line": 703, "column": 53 }
      },
      "191": {
        "start": { "line": 708, "column": 8 },
        "end": { "line": 708, "column": 48 }
      },
      "192": {
        "start": { "line": 715, "column": 18 },
        "end": { "line": 715, "column": 21 }
      },
      "193": {
        "start": { "line": 716, "column": 20 },
        "end": { "line": 716, "column": 76 }
      },
      "194": {
        "start": { "line": 717, "column": 4 },
        "end": { "line": 719, "column": 5 }
      },
      "195": {
        "start": { "line": 718, "column": 6 },
        "end": { "line": 718, "column": 63 }
      },
      "196": {
        "start": { "line": 720, "column": 18 },
        "end": { "line": 722, "column": 5 }
      },
      "197": {
        "start": { "line": 723, "column": 28 },
        "end": { "line": 723, "column": 58 }
      },
      "198": {
        "start": { "line": 724, "column": 26 },
        "end": { "line": 728, "column": 5 }
      },
      "199": {
        "start": { "line": 729, "column": 37 },
        "end": { "line": 733, "column": 5 }
      },
      "200": {
        "start": { "line": 734, "column": 28 },
        "end": { "line": 737, "column": 5 }
      },
      "201": {
        "start": { "line": 738, "column": 4 },
        "end": { "line": 738, "column": 48 }
      },
      "202": {
        "start": { "line": 742, "column": 18 },
        "end": { "line": 744, "column": 5 }
      },
      "203": {
        "start": { "line": 745, "column": 30 },
        "end": { "line": 745, "column": 76 }
      },
      "204": {
        "start": { "line": 746, "column": 4 },
        "end": { "line": 752, "column": 5 }
      },
      "205": {
        "start": { "line": 747, "column": 6 },
        "end": { "line": 751, "column": 8 }
      },
      "206": {
        "start": { "line": 753, "column": 4 },
        "end": { "line": 753, "column": 69 }
      },
      "207": {
        "start": { "line": 757, "column": 8 },
        "end": { "line": 757, "column": 61 }
      },
      "208": {
        "start": { "line": 758, "column": 4 },
        "end": { "line": 761, "column": 7 }
      },
      "209": {
        "start": { "line": 762, "column": 4 },
        "end": { "line": 762, "column": 69 }
      }
    },
    "fnMap": {
      "0": {
        "name": "(anonymous_0)",
        "decl": {
          "start": { "line": 29, "column": 2 },
          "end": { "line": 29, "column": 3 }
        },
        "loc": {
          "start": { "line": 38, "column": 4 },
          "end": { "line": 52, "column": 3 }
        },
        "line": 38
      },
      "1": {
        "name": "(anonymous_1)",
        "decl": {
          "start": { "line": 59, "column": 31 },
          "end": { "line": 59, "column": 32 }
        },
        "loc": {
          "start": { "line": 60, "column": 4 },
          "end": { "line": 65, "column": 10 }
        },
        "line": 60
      },
      "2": {
        "name": "(anonymous_2)",
        "decl": {
          "start": { "line": 60, "column": 24 },
          "end": { "line": 60, "column": 25 }
        },
        "loc": {
          "start": { "line": 60, "column": 34 },
          "end": { "line": 65, "column": 5 }
        },
        "line": 60
      },
      "3": {
        "name": "(anonymous_3)",
        "decl": {
          "start": { "line": 71, "column": 32 },
          "end": { "line": 71, "column": 33 }
        },
        "loc": {
          "start": { "line": 73, "column": 4 },
          "end": { "line": 77, "column": 7 }
        },
        "line": 73
      },
      "4": {
        "name": "(anonymous_4)",
        "decl": {
          "start": { "line": 73, "column": 21 },
          "end": { "line": 73, "column": 22 }
        },
        "loc": {
          "start": { "line": 73, "column": 27 },
          "end": { "line": 77, "column": 5 }
        },
        "line": 73
      },
      "5": {
        "name": "(anonymous_5)",
        "decl": {
          "start": { "line": 84, "column": 41 },
          "end": { "line": 84, "column": 42 }
        },
        "loc": {
          "start": { "line": 85, "column": 4 },
          "end": { "line": 90, "column": 7 }
        },
        "line": 85
      },
      "6": {
        "name": "(anonymous_6)",
        "decl": {
          "start": { "line": 85, "column": 15 },
          "end": { "line": 85, "column": 16 }
        },
        "loc": {
          "start": { "line": 85, "column": 21 },
          "end": { "line": 90, "column": 5 }
        },
        "line": 85
      },
      "7": {
        "name": "(anonymous_7)",
        "decl": {
          "start": { "line": 97, "column": 21 },
          "end": { "line": 97, "column": 22 }
        },
        "loc": {
          "start": { "line": 98, "column": 4 },
          "end": { "line": 102, "column": 7 }
        },
        "line": 98
      },
      "8": {
        "name": "(anonymous_8)",
        "decl": {
          "start": { "line": 98, "column": 16 },
          "end": { "line": 98, "column": 17 }
        },
        "loc": {
          "start": { "line": 98, "column": 22 },
          "end": { "line": 102, "column": 5 }
        },
        "line": 98
      },
      "9": {
        "name": "(anonymous_9)",
        "decl": {
          "start": { "line": 109, "column": 19 },
          "end": { "line": 109, "column": 20 }
        },
        "loc": {
          "start": { "line": 110, "column": 4 },
          "end": { "line": 116, "column": 7 }
        },
        "line": 110
      },
      "10": {
        "name": "(anonymous_10)",
        "decl": {
          "start": { "line": 110, "column": 14 },
          "end": { "line": 110, "column": 15 }
        },
        "loc": {
          "start": { "line": 110, "column": 20 },
          "end": { "line": 116, "column": 5 }
        },
        "line": 110
      },
      "11": {
        "name": "(anonymous_11)",
        "decl": {
          "start": { "line": 123, "column": 22 },
          "end": { "line": 123, "column": 23 }
        },
        "loc": {
          "start": { "line": 123, "column": 55 },
          "end": { "line": 145, "column": 3 }
        },
        "line": 123
      },
      "12": {
        "name": "(anonymous_12)",
        "decl": {
          "start": { "line": 151, "column": 23 },
          "end": { "line": 151, "column": 24 }
        },
        "loc": {
          "start": { "line": 151, "column": 37 },
          "end": { "line": 153, "column": 3 }
        },
        "line": 151
      },
      "13": {
        "name": "(anonymous_13)",
        "decl": {
          "start": { "line": 159, "column": 26 },
          "end": { "line": 159, "column": 27 }
        },
        "loc": {
          "start": { "line": 159, "column": 43 },
          "end": { "line": 168, "column": 3 }
        },
        "line": 159
      },
      "14": {
        "name": "(anonymous_14)",
        "decl": {
          "start": { "line": 160, "column": 42 },
          "end": { "line": 160, "column": 43 }
        },
        "loc": {
          "start": { "line": 160, "column": 58 },
          "end": { "line": 167, "column": 5 }
        },
        "line": 160
      },
      "15": {
        "name": "(anonymous_15)",
        "decl": {
          "start": { "line": 176, "column": 18 },
          "end": { "line": 176, "column": 19 }
        },
        "loc": {
          "start": { "line": 176, "column": 56 },
          "end": { "line": 195, "column": 3 }
        },
        "line": 176
      },
      "16": {
        "name": "(anonymous_16)",
        "decl": {
          "start": { "line": 177, "column": 36 },
          "end": { "line": 177, "column": 37 }
        },
        "loc": {
          "start": { "line": 177, "column": 49 },
          "end": { "line": 186, "column": 5 }
        },
        "line": 177
      },
      "17": {
        "name": "(anonymous_17)",
        "decl": {
          "start": { "line": 194, "column": 38 },
          "end": { "line": 194, "column": 39 }
        },
        "loc": {
          "start": { "line": 194, "column": 48 },
          "end": { "line": 194, "column": 72 }
        },
        "line": 194
      },
      "18": {
        "name": "(anonymous_18)",
        "decl": {
          "start": { "line": 202, "column": 17 },
          "end": { "line": 202, "column": 18 }
        },
        "loc": {
          "start": { "line": 202, "column": 32 },
          "end": { "line": 206, "column": 3 }
        },
        "line": 202
      },
      "19": {
        "name": "(anonymous_19)",
        "decl": {
          "start": { "line": 213, "column": 18 },
          "end": { "line": 213, "column": 19 }
        },
        "loc": {
          "start": { "line": 213, "column": 35 },
          "end": { "line": 216, "column": 3 }
        },
        "line": 213
      },
      "20": {
        "name": "(anonymous_20)",
        "decl": {
          "start": { "line": 223, "column": 23 },
          "end": { "line": 223, "column": 24 }
        },
        "loc": {
          "start": { "line": 223, "column": 32 },
          "end": { "line": 230, "column": 3 }
        },
        "line": 223
      },
      "21": {
        "name": "(anonymous_21)",
        "decl": {
          "start": { "line": 240, "column": 18 },
          "end": { "line": 240, "column": 19 }
        },
        "loc": {
          "start": { "line": 240, "column": 39 },
          "end": { "line": 248, "column": 3 }
        },
        "line": 240
      },
      "22": {
        "name": "(anonymous_22)",
        "decl": {
          "start": { "line": 258, "column": 30 },
          "end": { "line": 258, "column": 31 }
        },
        "loc": {
          "start": { "line": 258, "column": 76 },
          "end": { "line": 267, "column": 3 }
        },
        "line": 258
      },
      "23": {
        "name": "(anonymous_23)",
        "decl": {
          "start": { "line": 276, "column": 15 },
          "end": { "line": 276, "column": 16 }
        },
        "loc": {
          "start": { "line": 276, "column": 36 },
          "end": { "line": 285, "column": 3 }
        },
        "line": 276
      },
      "24": {
        "name": "(anonymous_24)",
        "decl": {
          "start": { "line": 293, "column": 13 },
          "end": { "line": 293, "column": 14 }
        },
        "loc": {
          "start": { "line": 293, "column": 35 },
          "end": { "line": 300, "column": 3 }
        },
        "line": 293
      },
      "25": {
        "name": "(anonymous_25)",
        "decl": {
          "start": { "line": 307, "column": 13 },
          "end": { "line": 307, "column": 14 }
        },
        "loc": {
          "start": { "line": 307, "column": 24 },
          "end": { "line": 311, "column": 3 }
        },
        "line": 307
      },
      "26": {
        "name": "(anonymous_26)",
        "decl": {
          "start": { "line": 317, "column": 8 },
          "end": { "line": 317, "column": 9 }
        },
        "loc": {
          "start": { "line": 317, "column": 19 },
          "end": { "line": 321, "column": 3 }
        },
        "line": 317
      },
      "27": {
        "name": "(anonymous_27)",
        "decl": {
          "start": { "line": 328, "column": 25 },
          "end": { "line": 328, "column": 26 }
        },
        "loc": {
          "start": { "line": 328, "column": 36 },
          "end": { "line": 328, "column": 66 }
        },
        "line": 328
      },
      "28": {
        "name": "(anonymous_28)",
        "decl": {
          "start": { "line": 336, "column": 18 },
          "end": { "line": 336, "column": 19 }
        },
        "loc": {
          "start": { "line": 337, "column": 4 },
          "end": { "line": 355, "column": 6 }
        },
        "line": 337
      },
      "29": {
        "name": "(anonymous_29)",
        "decl": {
          "start": { "line": 337, "column": 20 },
          "end": { "line": 337, "column": 21 }
        },
        "loc": {
          "start": { "line": 337, "column": 32 },
          "end": { "line": 355, "column": 5 }
        },
        "line": 337
      },
      "30": {
        "name": "(anonymous_30)",
        "decl": {
          "start": { "line": 364, "column": 25 },
          "end": { "line": 364, "column": 26 }
        },
        "loc": {
          "start": { "line": 364, "column": 52 },
          "end": { "line": 371, "column": 3 }
        },
        "line": 364
      },
      "31": {
        "name": "(anonymous_31)",
        "decl": {
          "start": { "line": 368, "column": 32 },
          "end": { "line": 368, "column": 33 }
        },
        "loc": {
          "start": { "line": 368, "column": 37 },
          "end": { "line": 368, "column": 41 }
        },
        "line": 368
      },
      "32": {
        "name": "(anonymous_32)",
        "decl": {
          "start": { "line": 378, "column": 36 },
          "end": { "line": 378, "column": 37 }
        },
        "loc": {
          "start": { "line": 378, "column": 52 },
          "end": { "line": 409, "column": 3 }
        },
        "line": 378
      },
      "33": {
        "name": "(anonymous_33)",
        "decl": {
          "start": { "line": 384, "column": 48 },
          "end": { "line": 384, "column": 49 }
        },
        "loc": {
          "start": { "line": 384, "column": 58 },
          "end": { "line": 387, "column": 5 }
        },
        "line": 384
      },
      "34": {
        "name": "(anonymous_34)",
        "decl": {
          "start": { "line": 392, "column": 6 },
          "end": { "line": 392, "column": 7 }
        },
        "loc": {
          "start": { "line": 392, "column": 11 },
          "end": { "line": 392, "column": 48 }
        },
        "line": 392
      },
      "35": {
        "name": "(anonymous_35)",
        "decl": {
          "start": { "line": 397, "column": 30 },
          "end": { "line": 397, "column": 31 }
        },
        "loc": {
          "start": { "line": 397, "column": 35 },
          "end": { "line": 397, "column": 39 }
        },
        "line": 397
      },
      "36": {
        "name": "(anonymous_36)",
        "decl": {
          "start": { "line": 402, "column": 13 },
          "end": { "line": 402, "column": 14 }
        },
        "loc": {
          "start": { "line": 402, "column": 18 },
          "end": { "line": 402, "column": 49 }
        },
        "line": 402
      },
      "37": {
        "name": "(anonymous_37)",
        "decl": {
          "start": { "line": 418, "column": 30 },
          "end": { "line": 418, "column": 31 }
        },
        "loc": {
          "start": { "line": 418, "column": 50 },
          "end": { "line": 429, "column": 3 }
        },
        "line": 418
      },
      "38": {
        "name": "(anonymous_38)",
        "decl": {
          "start": { "line": 426, "column": 28 },
          "end": { "line": 426, "column": 29 }
        },
        "loc": {
          "start": { "line": 426, "column": 33 },
          "end": { "line": 426, "column": 37 }
        },
        "line": 426
      },
      "39": {
        "name": "(anonymous_39)",
        "decl": {
          "start": { "line": 437, "column": 19 },
          "end": { "line": 437, "column": 20 }
        },
        "loc": {
          "start": { "line": 440, "column": 7 },
          "end": { "line": 459, "column": 3 }
        },
        "line": 440
      },
      "40": {
        "name": "(anonymous_40)",
        "decl": {
          "start": { "line": 468, "column": 14 },
          "end": { "line": 468, "column": 15 }
        },
        "loc": {
          "start": { "line": 472, "column": 7 },
          "end": { "line": 508, "column": 3 }
        },
        "line": 472
      },
      "41": {
        "name": "(anonymous_41)",
        "decl": {
          "start": { "line": 518, "column": 24 },
          "end": { "line": 518, "column": 25 }
        },
        "loc": {
          "start": { "line": 522, "column": 7 },
          "end": { "line": 528, "column": 3 }
        },
        "line": 522
      },
      "42": {
        "name": "(anonymous_42)",
        "decl": {
          "start": { "line": 535, "column": 20 },
          "end": { "line": 535, "column": 21 }
        },
        "loc": {
          "start": { "line": 538, "column": 7 },
          "end": { "line": 573, "column": 3 }
        },
        "line": 538
      },
      "43": {
        "name": "(anonymous_43)",
        "decl": {
          "start": { "line": 575, "column": 23 },
          "end": { "line": 575, "column": 24 }
        },
        "loc": {
          "start": { "line": 579, "column": 7 },
          "end": { "line": 621, "column": 3 }
        },
        "line": 579
      },
      "44": {
        "name": "(anonymous_44)",
        "decl": {
          "start": { "line": 623, "column": 33 },
          "end": { "line": 623, "column": 34 }
        },
        "loc": {
          "start": { "line": 627, "column": 7 },
          "end": { "line": 637, "column": 3 }
        },
        "line": 627
      },
      "45": {
        "name": "(anonymous_45)",
        "decl": {
          "start": { "line": 639, "column": 23 },
          "end": { "line": 639, "column": 24 }
        },
        "loc": {
          "start": { "line": 642, "column": 7 },
          "end": { "line": 670, "column": 3 }
        },
        "line": 642
      },
      "46": {
        "name": "(anonymous_46)",
        "decl": {
          "start": { "line": 679, "column": 30 },
          "end": { "line": 679, "column": 31 }
        },
        "loc": {
          "start": { "line": 684, "column": 7 },
          "end": { "line": 688, "column": 3 }
        },
        "line": 684
      },
      "47": {
        "name": "(anonymous_47)",
        "decl": {
          "start": { "line": 685, "column": 19 },
          "end": { "line": 685, "column": 20 }
        },
        "loc": {
          "start": { "line": 685, "column": 26 },
          "end": { "line": 687, "column": 5 }
        },
        "line": 685
      },
      "48": {
        "name": "(anonymous_48)",
        "decl": {
          "start": { "line": 697, "column": 21 },
          "end": { "line": 697, "column": 22 }
        },
        "loc": {
          "start": { "line": 698, "column": 8 },
          "end": { "line": 698, "column": 50 }
        },
        "line": 698
      },
      "49": {
        "name": "(anonymous_49)",
        "decl": {
          "start": { "line": 702, "column": 21 },
          "end": { "line": 702, "column": 22 }
        },
        "loc": {
          "start": { "line": 703, "column": 8 },
          "end": { "line": 703, "column": 53 }
        },
        "line": 703
      },
      "50": {
        "name": "(anonymous_50)",
        "decl": {
          "start": { "line": 707, "column": 21 },
          "end": { "line": 707, "column": 22 }
        },
        "loc": {
          "start": { "line": 708, "column": 8 },
          "end": { "line": 708, "column": 48 }
        },
        "line": 708
      },
      "51": {
        "name": "(anonymous_51)",
        "decl": {
          "start": { "line": 713, "column": 12 },
          "end": { "line": 713, "column": 13 }
        },
        "loc": {
          "start": { "line": 713, "column": 36 },
          "end": { "line": 739, "column": 3 }
        },
        "line": 713
      },
      "52": {
        "name": "(anonymous_52)",
        "decl": {
          "start": { "line": 741, "column": 19 },
          "end": { "line": 741, "column": 20 }
        },
        "loc": {
          "start": { "line": 741, "column": 36 },
          "end": { "line": 763, "column": 3 }
        },
        "line": 741
      }
    },
    "branchMap": {
      "0": {
        "loc": {
          "start": { "line": 30, "column": 4 },
          "end": { "line": 37, "column": 38 }
        },
        "type": "default-arg",
        "locations": [
          {
            "start": { "line": 37, "column": 8 },
            "end": { "line": 37, "column": 38 }
          }
        ],
        "line": 30
      },
      "1": {
        "loc": {
          "start": { "line": 31, "column": 6 },
          "end": { "line": 31, "column": 32 }
        },
        "type": "default-arg",
        "locations": [
          {
            "start": { "line": 31, "column": 12 },
            "end": { "line": 31, "column": 32 }
          }
        ],
        "line": 31
      },
      "2": {
        "loc": {
          "start": { "line": 32, "column": 6 },
          "end": { "line": 32, "column": 17 }
        },
        "type": "default-arg",
        "locations": [
          {
            "start": { "line": 32, "column": 15 },
            "end": { "line": 32, "column": 17 }
          }
        ],
        "line": 32
      },
      "3": {
        "loc": {
          "start": { "line": 33, "column": 6 },
          "end": { "line": 33, "column": 23 }
        },
        "type": "default-arg",
        "locations": [
          {
            "start": { "line": 33, "column": 21 },
            "end": { "line": 33, "column": 23 }
          }
        ],
        "line": 33
      },
      "4": {
        "loc": {
          "start": { "line": 34, "column": 6 },
          "end": { "line": 34, "column": 19 }
        },
        "type": "default-arg",
        "locations": [
          {
            "start": { "line": 34, "column": 17 },
            "end": { "line": 34, "column": 19 }
          }
        ],
        "line": 34
      },
      "5": {
        "loc": {
          "start": { "line": 35, "column": 6 },
          "end": { "line": 35, "column": 21 }
        },
        "type": "default-arg",
        "locations": [
          {
            "start": { "line": 35, "column": 19 },
            "end": { "line": 35, "column": 21 }
          }
        ],
        "line": 35
      },
      "6": {
        "loc": {
          "start": { "line": 36, "column": 6 },
          "end": { "line": 36, "column": 23 }
        },
        "type": "default-arg",
        "locations": [
          {
            "start": { "line": 36, "column": 21 },
            "end": { "line": 36, "column": 23 }
          }
        ],
        "line": 36
      },
      "7": {
        "loc": {
          "start": { "line": 62, "column": 23 },
          "end": { "line": 62, "column": 43 }
        },
        "type": "binary-expr",
        "locations": [
          {
            "start": { "line": 62, "column": 23 },
            "end": { "line": 62, "column": 37 }
          },
          {
            "start": { "line": 62, "column": 41 },
            "end": { "line": 62, "column": 43 }
          }
        ],
        "line": 62
      },
      "8": {
        "loc": {
          "start": { "line": 71, "column": 33 },
          "end": { "line": 71, "column": 50 }
        },
        "type": "default-arg",
        "locations": [
          {
            "start": { "line": 71, "column": 48 },
            "end": { "line": 71, "column": 50 }
          }
        ],
        "line": 71
      },
      "9": {
        "loc": {
          "start": { "line": 75, "column": 17 },
          "end": { "line": 75, "column": 69 }
        },
        "type": "binary-expr",
        "locations": [
          {
            "start": { "line": 75, "column": 17 },
            "end": { "line": 75, "column": 28 }
          },
          {
            "start": { "line": 75, "column": 32 },
            "end": { "line": 75, "column": 69 }
          }
        ],
        "line": 75
      },
      "10": {
        "loc": {
          "start": { "line": 84, "column": 42 },
          "end": { "line": 84, "column": 53 }
        },
        "type": "default-arg",
        "locations": [
          {
            "start": { "line": 84, "column": 51 },
            "end": { "line": 84, "column": 53 }
          }
        ],
        "line": 84
      },
      "11": {
        "loc": {
          "start": { "line": 87, "column": 30 },
          "end": { "line": 89, "column": 34 }
        },
        "type": "cond-expr",
        "locations": [
          {
            "start": { "line": 88, "column": 10 },
            "end": { "line": 88, "column": 60 }
          },
          {
            "start": { "line": 89, "column": 10 },
            "end": { "line": 89, "column": 34 }
          }
        ],
        "line": 87
      },
      "12": {
        "loc": {
          "start": { "line": 97, "column": 22 },
          "end": { "line": 97, "column": 34 }
        },
        "type": "default-arg",
        "locations": [
          {
            "start": { "line": 97, "column": 32 },
            "end": { "line": 97, "column": 34 }
          }
        ],
        "line": 97
      },
      "13": {
        "loc": {
          "start": { "line": 100, "column": 17 },
          "end": { "line": 100, "column": 69 }
        },
        "type": "binary-expr",
        "locations": [
          {
            "start": { "line": 100, "column": 17 },
            "end": { "line": 100, "column": 28 }
          },
          {
            "start": { "line": 100, "column": 32 },
            "end": { "line": 100, "column": 69 }
          }
        ],
        "line": 100
      },
      "14": {
        "loc": {
          "start": { "line": 109, "column": 20 },
          "end": { "line": 109, "column": 30 }
        },
        "type": "default-arg",
        "locations": [
          {
            "start": { "line": 109, "column": 28 },
            "end": { "line": 109, "column": 30 }
          }
        ],
        "line": 109
      },
      "15": {
        "loc": {
          "start": { "line": 113, "column": 8 },
          "end": { "line": 115, "column": 22 }
        },
        "type": "cond-expr",
        "locations": [
          {
            "start": { "line": 114, "column": 12 },
            "end": { "line": 114, "column": 48 }
          },
          {
            "start": { "line": 115, "column": 12 },
            "end": { "line": 115, "column": 22 }
          }
        ],
        "line": 113
      },
      "16": {
        "loc": {
          "start": { "line": 113, "column": 8 },
          "end": { "line": 113, "column": 44 }
        },
        "type": "binary-expr",
        "locations": [
          {
            "start": { "line": 113, "column": 8 },
            "end": { "line": 113, "column": 18 }
          },
          {
            "start": { "line": 113, "column": 22 },
            "end": { "line": 113, "column": 44 }
          }
        ],
        "line": 113
      },
      "17": {
        "loc": {
          "start": { "line": 123, "column": 34 },
          "end": { "line": 123, "column": 50 }
        },
        "type": "default-arg",
        "locations": [
          {
            "start": { "line": 123, "column": 46 },
            "end": { "line": 123, "column": 50 }
          }
        ],
        "line": 123
      },
      "18": {
        "loc": {
          "start": { "line": 124, "column": 4 },
          "end": { "line": 133, "column": 8 }
        },
        "type": "if",
        "locations": [
          {
            "start": { "line": 124, "column": 4 },
            "end": { "line": 133, "column": 8 }
          },
          {
            "start": { "line": 124, "column": 4 },
            "end": { "line": 133, "column": 8 }
          }
        ],
        "line": 124
      },
      "19": {
        "loc": {
          "start": { "line": 125, "column": 6 },
          "end": { "line": 128, "column": 39 }
        },
        "type": "binary-expr",
        "locations": [
          {
            "start": { "line": 125, "column": 6 },
            "end": { "line": 125, "column": 16 }
          },
          {
            "start": { "line": 126, "column": 6 },
            "end": { "line": 126, "column": 19 }
          },
          {
            "start": { "line": 127, "column": 6 },
            "end": { "line": 127, "column": 25 }
          },
          {
            "start": { "line": 128, "column": 6 },
            "end": { "line": 128, "column": 39 }
          }
        ],
        "line": 125
      },
      "20": {
        "loc": {
          "start": { "line": 131, "column": 29 },
          "end": { "line": 132, "column": 22 }
        },
        "type": "binary-expr",
        "locations": [
          {
            "start": { "line": 131, "column": 29 },
            "end": { "line": 131, "column": 38 }
          },
          {
            "start": { "line": 132, "column": 10 },
            "end": { "line": 132, "column": 22 }
          }
        ],
        "line": 131
      },
      "21": {
        "loc": {
          "start": { "line": 134, "column": 4 },
          "end": { "line": 143, "column": 5 }
        },
        "type": "if",
        "locations": [
          {
            "start": { "line": 134, "column": 4 },
            "end": { "line": 143, "column": 5 }
          },
          {
            "start": { "line": 134, "column": 4 },
            "end": { "line": 143, "column": 5 }
          }
        ],
        "line": 134
      },
      "22": {
        "loc": {
          "start": { "line": 135, "column": 6 },
          "end": { "line": 136, "column": 53 }
        },
        "type": "binary-expr",
        "locations": [
          {
            "start": { "line": 135, "column": 6 },
            "end": { "line": 135, "column": 25 }
          },
          {
            "start": { "line": 136, "column": 6 },
            "end": { "line": 136, "column": 53 }
          }
        ],
        "line": 135
      },
      "23": {
        "loc": {
          "start": { "line": 161, "column": 6 },
          "end": { "line": 166, "column": 7 }
        },
        "type": "if",
        "locations": [
          {
            "start": { "line": 161, "column": 6 },
            "end": { "line": 166, "column": 7 }
          },
          {
            "start": { "line": 161, "column": 6 },
            "end": { "line": 166, "column": 7 }
          }
        ],
        "line": 161
      },
      "24": {
        "loc": {
          "start": { "line": 204, "column": 4 },
          "end": { "line": 204, "column": 80 }
        },
        "type": "if",
        "locations": [
          {
            "start": { "line": 204, "column": 4 },
            "end": { "line": 204, "column": 80 }
          },
          {
            "start": { "line": 204, "column": 4 },
            "end": { "line": 204, "column": 80 }
          }
        ],
        "line": 204
      },
      "25": {
        "loc": {
          "start": { "line": 214, "column": 4 },
          "end": { "line": 214, "column": 34 }
        },
        "type": "if",
        "locations": [
          {
            "start": { "line": 214, "column": 4 },
            "end": { "line": 214, "column": 34 }
          },
          {
            "start": { "line": 214, "column": 4 },
            "end": { "line": 214, "column": 34 }
          }
        ],
        "line": 214
      },
      "26": {
        "loc": {
          "start": { "line": 225, "column": 6 },
          "end": { "line": 227, "column": 59 }
        },
        "type": "cond-expr",
        "locations": [
          {
            "start": { "line": 226, "column": 10 },
            "end": { "line": 226, "column": 12 }
          },
          {
            "start": { "line": 227, "column": 10 },
            "end": { "line": 227, "column": 59 }
          }
        ],
        "line": 225
      },
      "27": {
        "loc": {
          "start": { "line": 228, "column": 47 },
          "end": { "line": 228, "column": 69 }
        },
        "type": "binary-expr",
        "locations": [
          {
            "start": { "line": 228, "column": 47 },
            "end": { "line": 228, "column": 63 }
          },
          {
            "start": { "line": 228, "column": 67 },
            "end": { "line": 228, "column": 69 }
          }
        ],
        "line": 228
      },
      "28": {
        "loc": {
          "start": { "line": 258, "column": 53 },
          "end": { "line": 258, "column": 71 }
        },
        "type": "default-arg",
        "locations": [
          {
            "start": { "line": 258, "column": 69 },
            "end": { "line": 258, "column": 71 }
          }
        ],
        "line": 258
      },
      "29": {
        "loc": {
          "start": { "line": 259, "column": 4 },
          "end": { "line": 265, "column": 5 }
        },
        "type": "if",
        "locations": [
          {
            "start": { "line": 259, "column": 4 },
            "end": { "line": 265, "column": 5 }
          },
          {
            "start": { "line": 259, "column": 4 },
            "end": { "line": 265, "column": 5 }
          }
        ],
        "line": 259
      },
      "30": {
        "loc": {
          "start": { "line": 261, "column": 11 },
          "end": { "line": 265, "column": 5 }
        },
        "type": "if",
        "locations": [
          {
            "start": { "line": 261, "column": 11 },
            "end": { "line": 265, "column": 5 }
          },
          {
            "start": { "line": 261, "column": 11 },
            "end": { "line": 265, "column": 5 }
          }
        ],
        "line": 261
      },
      "31": {
        "loc": {
          "start": { "line": 280, "column": 19 },
          "end": { "line": 282, "column": 28 }
        },
        "type": "cond-expr",
        "locations": [
          {
            "start": { "line": 281, "column": 10 },
            "end": { "line": 281, "column": 34 }
          },
          {
            "start": { "line": 282, "column": 10 },
            "end": { "line": 282, "column": 28 }
          }
        ],
        "line": 280
      },
      "32": {
        "loc": {
          "start": { "line": 309, "column": 4 },
          "end": { "line": 309, "column": 80 }
        },
        "type": "if",
        "locations": [
          {
            "start": { "line": 309, "column": 4 },
            "end": { "line": 309, "column": 80 }
          },
          {
            "start": { "line": 309, "column": 4 },
            "end": { "line": 309, "column": 80 }
          }
        ],
        "line": 309
      },
      "33": {
        "loc": {
          "start": { "line": 318, "column": 12 },
          "end": { "line": 318, "column": 27 }
        },
        "type": "default-arg",
        "locations": [
          {
            "start": { "line": 318, "column": 25 },
            "end": { "line": 318, "column": 27 }
          }
        ],
        "line": 318
      },
      "34": {
        "loc": {
          "start": { "line": 318, "column": 29 },
          "end": { "line": 318, "column": 40 }
        },
        "type": "default-arg",
        "locations": [
          {
            "start": { "line": 318, "column": 38 },
            "end": { "line": 318, "column": 40 }
          }
        ],
        "line": 318
      },
      "35": {
        "loc": {
          "start": { "line": 336, "column": 19 },
          "end": { "line": 336, "column": 32 }
        },
        "type": "default-arg",
        "locations": [
          {
            "start": { "line": 336, "column": 30 },
            "end": { "line": 336, "column": 32 }
          }
        ],
        "line": 336
      },
      "36": {
        "loc": {
          "start": { "line": 336, "column": 34 },
          "end": { "line": 336, "column": 68 }
        },
        "type": "default-arg",
        "locations": [
          {
            "start": { "line": 336, "column": 44 },
            "end": { "line": 336, "column": 68 }
          }
        ],
        "line": 336
      },
      "37": {
        "loc": {
          "start": { "line": 338, "column": 25 },
          "end": { "line": 338, "column": 53 }
        },
        "type": "default-arg",
        "locations": [
          {
            "start": { "line": 338, "column": 30 },
            "end": { "line": 338, "column": 53 }
          }
        ],
        "line": 338
      },
      "38": {
        "loc": {
          "start": { "line": 339, "column": 6 },
          "end": { "line": 339, "column": 63 }
        },
        "type": "if",
        "locations": [
          {
            "start": { "line": 339, "column": 6 },
            "end": { "line": 339, "column": 63 }
          },
          {
            "start": { "line": 339, "column": 6 },
            "end": { "line": 339, "column": 63 }
          }
        ],
        "line": 339
      },
      "39": {
        "loc": {
          "start": { "line": 339, "column": 10 },
          "end": { "line": 339, "column": 49 }
        },
        "type": "binary-expr",
        "locations": [
          {
            "start": { "line": 339, "column": 10 },
            "end": { "line": 339, "column": 27 }
          },
          {
            "start": { "line": 339, "column": 31 },
            "end": { "line": 339, "column": 49 }
          }
        ],
        "line": 339
      },
      "40": {
        "loc": {
          "start": { "line": 340, "column": 6 },
          "end": { "line": 340, "column": 44 }
        },
        "type": "if",
        "locations": [
          {
            "start": { "line": 340, "column": 6 },
            "end": { "line": 340, "column": 44 }
          },
          {
            "start": { "line": 340, "column": 6 },
            "end": { "line": 340, "column": 44 }
          }
        ],
        "line": 340
      },
      "41": {
        "loc": {
          "start": { "line": 341, "column": 6 },
          "end": { "line": 344, "column": 10 }
        },
        "type": "if",
        "locations": [
          {
            "start": { "line": 341, "column": 6 },
            "end": { "line": 344, "column": 10 }
          },
          {
            "start": { "line": 341, "column": 6 },
            "end": { "line": 344, "column": 10 }
          }
        ],
        "line": 341
      },
      "42": {
        "loc": {
          "start": { "line": 379, "column": 4 },
          "end": { "line": 382, "column": 5 }
        },
        "type": "if",
        "locations": [
          {
            "start": { "line": 379, "column": 4 },
            "end": { "line": 382, "column": 5 }
          },
          {
            "start": { "line": 379, "column": 4 },
            "end": { "line": 382, "column": 5 }
          }
        ],
        "line": 379
      },
      "43": {
        "loc": {
          "start": { "line": 385, "column": 24 },
          "end": { "line": 385, "column": 39 }
        },
        "type": "binary-expr",
        "locations": [
          {
            "start": { "line": 385, "column": 24 },
            "end": { "line": 385, "column": 34 }
          },
          {
            "start": { "line": 385, "column": 38 },
            "end": { "line": 385, "column": 39 }
          }
        ],
        "line": 385
      },
      "44": {
        "loc": {
          "start": { "line": 386, "column": 13 },
          "end": { "line": 386, "column": 42 }
        },
        "type": "cond-expr",
        "locations": [
          {
            "start": { "line": 386, "column": 29 },
            "end": { "line": 386, "column": 30 }
          },
          {
            "start": { "line": 386, "column": 33 },
            "end": { "line": 386, "column": 42 }
          }
        ],
        "line": 386
      },
      "45": {
        "loc": {
          "start": { "line": 392, "column": 12 },
          "end": { "line": 392, "column": 27 }
        },
        "type": "binary-expr",
        "locations": [
          {
            "start": { "line": 392, "column": 12 },
            "end": { "line": 392, "column": 22 }
          },
          {
            "start": { "line": 392, "column": 26 },
            "end": { "line": 392, "column": 27 }
          }
        ],
        "line": 392
      },
      "46": {
        "loc": {
          "start": { "line": 400, "column": 4 },
          "end": { "line": 407, "column": 5 }
        },
        "type": "if",
        "locations": [
          {
            "start": { "line": 400, "column": 4 },
            "end": { "line": 407, "column": 5 }
          },
          {
            "start": { "line": 400, "column": 4 },
            "end": { "line": 407, "column": 5 }
          }
        ],
        "line": 400
      },
      "47": {
        "loc": {
          "start": { "line": 402, "column": 18 },
          "end": { "line": 402, "column": 49 }
        },
        "type": "binary-expr",
        "locations": [
          {
            "start": { "line": 402, "column": 18 },
            "end": { "line": 402, "column": 22 }
          },
          {
            "start": { "line": 402, "column": 26 },
            "end": { "line": 402, "column": 49 }
          }
        ],
        "line": 402
      },
      "48": {
        "loc": {
          "start": { "line": 419, "column": 4 },
          "end": { "line": 422, "column": 8 }
        },
        "type": "if",
        "locations": [
          {
            "start": { "line": 419, "column": 4 },
            "end": { "line": 422, "column": 8 }
          },
          {
            "start": { "line": 419, "column": 4 },
            "end": { "line": 422, "column": 8 }
          }
        ],
        "line": 419
      },
      "49": {
        "loc": {
          "start": { "line": 419, "column": 8 },
          "end": { "line": 419, "column": 27 }
        },
        "type": "binary-expr",
        "locations": [
          {
            "start": { "line": 419, "column": 8 },
            "end": { "line": 419, "column": 14 }
          },
          {
            "start": { "line": 419, "column": 18 },
            "end": { "line": 419, "column": 27 }
          }
        ],
        "line": 419
      },
      "50": {
        "loc": {
          "start": { "line": 438, "column": 4 },
          "end": { "line": 438, "column": 46 }
        },
        "type": "default-arg",
        "locations": [
          {
            "start": { "line": 438, "column": 18 },
            "end": { "line": 438, "column": 46 }
          }
        ],
        "line": 438
      },
      "51": {
        "loc": {
          "start": { "line": 439, "column": 4 },
          "end": { "line": 439, "column": 38 }
        },
        "type": "default-arg",
        "locations": [
          {
            "start": { "line": 439, "column": 14 },
            "end": { "line": 439, "column": 38 }
          }
        ],
        "line": 439
      },
      "52": {
        "loc": {
          "start": { "line": 470, "column": 4 },
          "end": { "line": 470, "column": 38 }
        },
        "type": "default-arg",
        "locations": [
          {
            "start": { "line": 470, "column": 14 },
            "end": { "line": 470, "column": 38 }
          }
        ],
        "line": 470
      },
      "53": {
        "loc": {
          "start": { "line": 471, "column": 4 },
          "end": { "line": 471, "column": 18 }
        },
        "type": "default-arg",
        "locations": [
          {
            "start": { "line": 471, "column": 16 },
            "end": { "line": 471, "column": 18 }
          }
        ],
        "line": 471
      },
      "54": {
        "loc": {
          "start": { "line": 503, "column": 6 },
          "end": { "line": 503, "column": 32 }
        },
        "type": "if",
        "locations": [
          {
            "start": { "line": 503, "column": 6 },
            "end": { "line": 503, "column": 32 }
          },
          {
            "start": { "line": 503, "column": 6 },
            "end": { "line": 503, "column": 32 }
          }
        ],
        "line": 503
      },
      "55": {
        "loc": {
          "start": { "line": 520, "column": 4 },
          "end": { "line": 520, "column": 38 }
        },
        "type": "default-arg",
        "locations": [
          {
            "start": { "line": 520, "column": 14 },
            "end": { "line": 520, "column": 38 }
          }
        ],
        "line": 520
      },
      "56": {
        "loc": {
          "start": { "line": 524, "column": 4 },
          "end": { "line": 526, "column": 5 }
        },
        "type": "if",
        "locations": [
          {
            "start": { "line": 524, "column": 4 },
            "end": { "line": 526, "column": 5 }
          },
          {
            "start": { "line": 524, "column": 4 },
            "end": { "line": 526, "column": 5 }
          }
        ],
        "line": 524
      },
      "57": {
        "loc": {
          "start": { "line": 536, "column": 4 },
          "end": { "line": 536, "column": 18 }
        },
        "type": "default-arg",
        "locations": [
          {
            "start": { "line": 536, "column": 16 },
            "end": { "line": 536, "column": 18 }
          }
        ],
        "line": 536
      },
      "58": {
        "loc": {
          "start": { "line": 537, "column": 4 },
          "end": { "line": 537, "column": 38 }
        },
        "type": "default-arg",
        "locations": [
          {
            "start": { "line": 537, "column": 14 },
            "end": { "line": 537, "column": 38 }
          }
        ],
        "line": 537
      },
      "59": {
        "loc": {
          "start": { "line": 565, "column": 6 },
          "end": { "line": 565, "column": 32 }
        },
        "type": "if",
        "locations": [
          {
            "start": { "line": 565, "column": 6 },
            "end": { "line": 565, "column": 32 }
          },
          {
            "start": { "line": 565, "column": 6 },
            "end": { "line": 565, "column": 32 }
          }
        ],
        "line": 565
      },
      "60": {
        "loc": {
          "start": { "line": 577, "column": 4 },
          "end": { "line": 577, "column": 46 }
        },
        "type": "default-arg",
        "locations": [
          {
            "start": { "line": 577, "column": 18 },
            "end": { "line": 577, "column": 46 }
          }
        ],
        "line": 577
      },
      "61": {
        "loc": {
          "start": { "line": 578, "column": 4 },
          "end": { "line": 578, "column": 38 }
        },
        "type": "default-arg",
        "locations": [
          {
            "start": { "line": 578, "column": 14 },
            "end": { "line": 578, "column": 38 }
          }
        ],
        "line": 578
      },
      "62": {
        "loc": {
          "start": { "line": 584, "column": 6 },
          "end": { "line": 584, "column": 59 }
        },
        "type": "binary-expr",
        "locations": [
          {
            "start": { "line": 584, "column": 6 },
            "end": { "line": 584, "column": 19 }
          },
          {
            "start": { "line": 584, "column": 23 },
            "end": { "line": 584, "column": 59 }
          }
        ],
        "line": 584
      },
      "63": {
        "loc": {
          "start": { "line": 585, "column": 4 },
          "end": { "line": 602, "column": 5 }
        },
        "type": "if",
        "locations": [
          {
            "start": { "line": 585, "column": 4 },
            "end": { "line": 602, "column": 5 }
          },
          {
            "start": { "line": 585, "column": 4 },
            "end": { "line": 602, "column": 5 }
          }
        ],
        "line": 585
      },
      "64": {
        "loc": {
          "start": { "line": 624, "column": 4 },
          "end": { "line": 624, "column": 54 }
        },
        "type": "default-arg",
        "locations": [
          {
            "start": { "line": 624, "column": 22 },
            "end": { "line": 624, "column": 54 }
          }
        ],
        "line": 624
      },
      "65": {
        "loc": {
          "start": { "line": 625, "column": 4 },
          "end": { "line": 625, "column": 40 }
        },
        "type": "default-arg",
        "locations": [
          {
            "start": { "line": 625, "column": 15 },
            "end": { "line": 625, "column": 40 }
          }
        ],
        "line": 625
      },
      "66": {
        "loc": {
          "start": { "line": 626, "column": 4 },
          "end": { "line": 626, "column": 38 }
        },
        "type": "default-arg",
        "locations": [
          {
            "start": { "line": 626, "column": 14 },
            "end": { "line": 626, "column": 38 }
          }
        ],
        "line": 626
      },
      "67": {
        "loc": {
          "start": { "line": 629, "column": 4 },
          "end": { "line": 635, "column": 5 }
        },
        "type": "if",
        "locations": [
          {
            "start": { "line": 629, "column": 4 },
            "end": { "line": 635, "column": 5 }
          },
          {
            "start": { "line": 629, "column": 4 },
            "end": { "line": 635, "column": 5 }
          }
        ],
        "line": 629
      },
      "68": {
        "loc": {
          "start": { "line": 640, "column": 4 },
          "end": { "line": 640, "column": 40 }
        },
        "type": "default-arg",
        "locations": [
          {
            "start": { "line": 640, "column": 15 },
            "end": { "line": 640, "column": 40 }
          }
        ],
        "line": 640
      },
      "69": {
        "loc": {
          "start": { "line": 641, "column": 4 },
          "end": { "line": 641, "column": 38 }
        },
        "type": "default-arg",
        "locations": [
          {
            "start": { "line": 641, "column": 14 },
            "end": { "line": 641, "column": 38 }
          }
        ],
        "line": 641
      },
      "70": {
        "loc": {
          "start": { "line": 651, "column": 6 },
          "end": { "line": 651, "column": 60 }
        },
        "type": "binary-expr",
        "locations": [
          {
            "start": { "line": 651, "column": 6 },
            "end": { "line": 651, "column": 14 }
          },
          {
            "start": { "line": 651, "column": 18 },
            "end": { "line": 651, "column": 31 }
          },
          {
            "start": { "line": 651, "column": 35 },
            "end": { "line": 651, "column": 60 }
          }
        ],
        "line": 651
      },
      "71": {
        "loc": {
          "start": { "line": 653, "column": 4 },
          "end": { "line": 668, "column": 5 }
        },
        "type": "if",
        "locations": [
          {
            "start": { "line": 653, "column": 4 },
            "end": { "line": 668, "column": 5 }
          },
          {
            "start": { "line": 653, "column": 4 },
            "end": { "line": 668, "column": 5 }
          }
        ],
        "line": 653
      },
      "72": {
        "loc": {
          "start": { "line": 655, "column": 6 },
          "end": { "line": 655, "column": 77 }
        },
        "type": "if",
        "locations": [
          {
            "start": { "line": 655, "column": 6 },
            "end": { "line": 655, "column": 77 }
          },
          {
            "start": { "line": 655, "column": 6 },
            "end": { "line": 655, "column": 77 }
          }
        ],
        "line": 655
      },
      "73": {
        "loc": {
          "start": { "line": 657, "column": 6 },
          "end": { "line": 665, "column": 7 }
        },
        "type": "if",
        "locations": [
          {
            "start": { "line": 657, "column": 6 },
            "end": { "line": 665, "column": 7 }
          },
          {
            "start": { "line": 657, "column": 6 },
            "end": { "line": 665, "column": 7 }
          }
        ],
        "line": 657
      },
      "74": {
        "loc": {
          "start": { "line": 680, "column": 4 },
          "end": { "line": 680, "column": 15 }
        },
        "type": "default-arg",
        "locations": [
          {
            "start": { "line": 680, "column": 13 },
            "end": { "line": 680, "column": 15 }
          }
        ],
        "line": 680
      },
      "75": {
        "loc": {
          "start": { "line": 716, "column": 20 },
          "end": { "line": 716, "column": 76 }
        },
        "type": "binary-expr",
        "locations": [
          {
            "start": { "line": 716, "column": 20 },
            "end": { "line": 716, "column": 42 }
          },
          {
            "start": { "line": 716, "column": 46 },
            "end": { "line": 716, "column": 76 }
          }
        ],
        "line": 716
      },
      "76": {
        "loc": {
          "start": { "line": 717, "column": 4 },
          "end": { "line": 719, "column": 5 }
        },
        "type": "if",
        "locations": [
          {
            "start": { "line": 717, "column": 4 },
            "end": { "line": 719, "column": 5 }
          },
          {
            "start": { "line": 717, "column": 4 },
            "end": { "line": 719, "column": 5 }
          }
        ],
        "line": 717
      },
      "77": {
        "loc": {
          "start": { "line": 721, "column": 6 },
          "end": { "line": 721, "column": 62 }
        },
        "type": "binary-expr",
        "locations": [
          {
            "start": { "line": 721, "column": 6 },
            "end": { "line": 721, "column": 28 }
          },
          {
            "start": { "line": 721, "column": 32 },
            "end": { "line": 721, "column": 62 }
          }
        ],
        "line": 721
      },
      "78": {
        "loc": {
          "start": { "line": 743, "column": 6 },
          "end": { "line": 743, "column": 62 }
        },
        "type": "binary-expr",
        "locations": [
          {
            "start": { "line": 743, "column": 6 },
            "end": { "line": 743, "column": 28 }
          },
          {
            "start": { "line": 743, "column": 32 },
            "end": { "line": 743, "column": 62 }
          }
        ],
        "line": 743
      },
      "79": {
        "loc": {
          "start": { "line": 746, "column": 4 },
          "end": { "line": 752, "column": 5 }
        },
        "type": "if",
        "locations": [
          {
            "start": { "line": 746, "column": 4 },
            "end": { "line": 752, "column": 5 }
          },
          {
            "start": { "line": 746, "column": 4 },
            "end": { "line": 752, "column": 5 }
          }
        ],
        "line": 746
      }
    },
    "s": {
      "0": 2,
      "1": 2,
      "2": 2,
      "3": 2,
      "4": 90,
      "5": 90,
      "6": 90,
      "7": 90,
      "8": 90,
      "9": 91,
      "10": 810,
      "11": 810,
      "12": 810,
      "13": 810,
      "14": 91,
      "15": 810,
      "16": 92,
      "17": 358,
      "18": 810,
      "19": 990,
      "20": 995,
      "21": 997,
[...]
        },
        "type": "default-arg",
        "locations": [
          {
            "start": { "line": 121, "column": 20 },
            "end": { "line": 121, "column": 55 }
          }
        ],
        "line": 121
      },
      "12": {
        "loc": {
          "start": { "line": 128, "column": 28 },
          "end": { "line": 128, "column": 53 }
        },
        "type": "binary-expr",
        "locations": [
          {
            "start": { "line": 128, "column": 28 },
            "end": { "line": 128, "column": 47 }
          },
          {
            "start": { "line": 128, "column": 51 },
            "end": { "line": 128, "column": 53 }
          }
        ],
        "line": 128
      },
      "13": {
        "loc": {
          "start": { "line": 141, "column": 23 },
          "end": { "line": 141, "column": 33 }
        },
        "type": "default-arg",
        "locations": [
          {
            "start": { "line": 141, "column": 31 },
            "end": { "line": 141, "column": 33 }
          }
        ],
        "line": 141
      },
      "14": {
        "loc": {
          "start": { "line": 154, "column": 35 },
          "end": { "line": 154, "column": 53 }
        },
        "type": "default-arg",
        "locations": [
          {
            "start": { "line": 154, "column": 51 },
            "end": { "line": 154, "column": 53 }
          }
        ],
        "line": 154
      }
    },
    "s": {
      "0": 2,
      "1": 20,
      "2": 20,
      "3": 20,
      "4": 20,
      "5": 20,
      "6": 23,
      "7": 6,
      "8": 4,
      "9": 4,
      "10": 4,
      "11": 1,
      "12": 1,
      "13": 3,
      "14": 4,
      "15": 4,
      "16": 4,
      "17": 6,
      "18": 21,
      "19": 6,
      "20": 8,
      "21": 6,
      "22": 14,
      "23": 6,
      "24": 6,
      "25": 15,
      "26": 6,
      "27": 12,
      "28": 12,
      "29": 12,
      "30": 12,
      "31": 6,
      "32": 6,
      "33": 4,
      "34": 4,
      "35": 6,
      "36": 6,
      "37": 8,
      "38": 6,
      "39": 3,
      "40": 2,
      "41": 2,
      "42": 2
    },
    "f": {
      "0": 20,
      "1": 23,
      "2": 6,
      "3": 4,
      "4": 4,
      "5": 4,
      "6": 4,
      "7": 6,
      "8": 21,
      "9": 8,
      "10": 14,
      "11": 6,
      "12": 15,
      "13": 12,
      "14": 4,
      "15": 6,
      "16": 8,
      "17": 3
    },
    "b": {
      "0": [1],
      "1": [1],
      "2": [1],
      "3": [1],
      "4": [2],
      "5": [2],
      "6": [1, 3],
      "7": [1],
      "8": [1],
      "9": [1],
      "10": [1],
      "11": [1],
      "12": [12, 7],
      "13": [2],
      "14": [1]
    },
    "_coverageSchema": "332fd63041d2c1bcb487cc26dd0d5f7d97098a6c",
    "hash": "175ce05c166ec2609b28db9fc23d0cc52e853e20"
  },
  "/media/storage/ws/js/linus/linus-core/src/utils/RTInterpreter.js": {
    "path": "/media/storage/ws/js/linus/linus-core/src/utils/RTInterpreter.js",
    "statementMap": {
      "0": {
        "start": { "line": 3, "column": 10 },
        "end": { "line": 3, "column": 27 }
      },
      "1": {
        "start": { "line": 4, "column": 11 },
        "end": { "line": 4, "column": 24 }
      },
      "2": {
        "start": { "line": 9, "column": 18 },
        "end": { "line": 11, "column": 3 }
      },
      "3": {
        "start": { "line": 12, "column": 13 },
        "end": { "line": 12, "column": 15 }
      },
      "4": {
        "start": { "line": 14, "column": 2 },
        "end": { "line": 28, "column": 4 }
      },
      "5": {
        "start": { "line": 15, "column": 4 },
        "end": { "line": 19, "column": 5 }
      },
      "6": {
        "start": { "line": 16, "column": 6 },
        "end": { "line": 18, "column": 8 }
      },
      "7": {
        "start": { "line": 20, "column": 4 },
        "end": { "line": 20, "column": 34 }
      },
      "8": {
        "start": { "line": 21, "column": 4 },
        "end": { "line": 26, "column": 5 }
      },
      "9": {
        "start": { "line": 22, "column": 6 },
        "end": { "line": 22, "column": 62 }
      },
      "10": {
        "start": { "line": 24, "column": 6 },
        "end": { "line": 24, "column": 85 }
      },
      "11": {
        "start": { "line": 27, "column": 4 },
        "end": { "line": 27, "column": 34 }
      },
      "12": {
        "start": { "line": 29, "column": 2 },
        "end": { "line": 41, "column": 4 }
      },
      "13": {
        "start": { "line": 30, "column": 4 },
        "end": { "line": 40, "column": 7 }
      },
      "14": {
        "start": { "line": 31, "column": 22 },
        "end": { "line": 31, "column": 31 }
      },
      "15": {
        "start": { "line": 32, "column": 6 },
        "end": { "line": 32, "column": 27 }
      },
      "16": {
        "start": { "line": 32, "column": 20 },
        "end": { "line": 32, "column": 27 }
      },
      "17": {
        "start": { "line": 33, "column": 6 },
        "end": { "line": 37, "column": 7 }
      },
      "18": {
        "start": { "line": 34, "column": 8 },
        "end": { "line": 36, "column": 10 }
      },
      "19": {
        "start": { "line": 39, "column": 6 },
        "end": { "line": 39, "column": 38 }
      },
      "20": {
        "start": { "line": 42, "column": 2 },
        "end": { "line": 42, "column": 12 }
      }
    },
    "fnMap": {
      "0": {
        "name": "(anonymous_0)",
        "decl": {
          "start": { "line": 8, "column": 15 },
          "end": { "line": 8, "column": 16 }
        },
        "loc": {
          "start": { "line": 8, "column": 38 },
          "end": { "line": 43, "column": 1 }
        },
        "line": 8
      },
      "1": {
        "name": "(anonymous_1)",
        "decl": {
          "start": { "line": 14, "column": 15 },
          "end": { "line": 14, "column": 16 }
        },
        "loc": {
          "start": { "line": 14, "column": 23 },
          "end": { "line": 28, "column": 3 }
        },
        "line": 14
      },
      "2": {
        "name": "(anonymous_2)",
        "decl": {
          "start": { "line": 29, "column": 27 },
          "end": { "line": 29, "column": 28 }
        },
        "loc": {
          "start": { "line": 29, "column": 46 },
          "end": { "line": 41, "column": 3 }
        },
        "line": 29
      },
      "3": {
        "name": "(anonymous_3)",
        "decl": {
          "start": { "line": 30, "column": 18 },
          "end": { "line": 30, "column": 19 }
        },
        "loc": {
          "start": { "line": 30, "column": 26 },
          "end": { "line": 40, "column": 5 }
        },
        "line": 30
      }
    },
    "branchMap": {
      "0": {
        "loc": {
          "start": { "line": 8, "column": 16 },
          "end": { "line": 8, "column": 33 }
        },
        "type": "default-arg",
        "locations": [
          {
            "start": { "line": 8, "column": 31 },
            "end": { "line": 8, "column": 33 }
          }
        ],
        "line": 8
      },
      "1": {
        "loc": {
          "start": { "line": 15, "column": 4 },
          "end": { "line": 19, "column": 5 }
        },
        "type": "if",
        "locations": [
          {
            "start": { "line": 15, "column": 4 },
            "end": { "line": 19, "column": 5 }
          },
          {
            "start": { "line": 15, "column": 4 },
            "end": { "line": 19, "column": 5 }
          }
        ],
        "line": 15
      },
      "2": {
        "loc": {
          "start": { "line": 32, "column": 6 },
          "end": { "line": 32, "column": 27 }
        },
        "type": "if",
        "locations": [
          {
            "start": { "line": 32, "column": 6 },
            "end": { "line": 32, "column": 27 }
          },
          {
            "start": { "line": 32, "column": 6 },
            "end": { "line": 32, "column": 27 }
          }
        ],
        "line": 32
      },
      "3": {
        "loc": {
          "start": { "line": 33, "column": 6 },
          "end": { "line": 37, "column": 7 }
        },
        "type": "if",
        "locations": [
          {
            "start": { "line": 33, "column": 6 },
            "end": { "line": 37, "column": 7 }
          },
          {
            "start": { "line": 33, "column": 6 },
            "end": { "line": 37, "column": 7 }
          }
        ],
        "line": 33
      }
    },
    "s": {
      "0": 3,
      "1": 3,
      "2": 101,
      "3": 101,
      "4": 101,
      "5": 1547,
      "6": 1,
      "7": 1546,
      "8": 1546,
      "9": 1546,
      "10": 2,
      "11": 1544,
      "12": 101,
      "13": 3,
      "14": 7,
      "15": 7,
      "16": 1,
      "17": 6,
      "18": 1,
      "19": 5,
      "20": 101
    },
    "f": { "0": 101, "1": 1547, "2": 3, "3": 7 },
    "b": { "0": [1], "1": [1, 1546], "2": [1, 6], "3": [1, 5] },
    "_coverageSchema": "332fd63041d2c1bcb487cc26dd0d5f7d97098a6c",
    "hash": "1ad854e291b1caecc6fec62c7f4065fa21f07e53"
  },
  "/media/storage/ws/js/linus/linus-core/src/utils/extendError.js": {
    "path": "/media/storage/ws/js/linus/linus-core/src/utils/extendError.js",
    "statementMap": {
      "0": {
        "start": { "line": 8, "column": 20 },
        "end": { "line": 44, "column": 1 }
      },
      "1": {
        "start": { "line": 10, "column": 26 },
        "end": { "line": 10, "column": 51 }
      },
      "2": {
        "start": { "line": 11, "column": 4 },
        "end": { "line": 16, "column": 7 }
      },
      "3": {
        "start": { "line": 18, "column": 4 },
        "end": { "line": 20, "column": 5 }
      },
      "4": {
        "start": { "line": 19, "column": 6 },
        "end": { "line": 19, "column": 54 }
      },
      "5": {
        "start": { "line": 22, "column": 6 },
        "end": { "line": 22, "column": 79 }
      },
      "6": {
        "start": { "line": 23, "column": 18 },
        "end": { "line": 23, "column": 76 }
      },
      "7": {
        "start": { "line": 24, "column": 4 },
        "end": { "line": 31, "column": 5 }
      },
      "8": {
        "start": { "line": 25, "column": 6 },
        "end": { "line": 30, "column": 9 }
      },
      "9": {
        "start": { "line": 33, "column": 23 },
        "end": { "line": 33, "column": 65 }
      },
      "10": {
        "start": { "line": 34, "column": 4 },
        "end": { "line": 39, "column": 7 }
      },
      "11": {
        "start": { "line": 41, "column": 2 },
        "end": { "line": 41, "column": 61 }
      },
      "12": {
        "start": { "line": 43, "column": 2 },
        "end": { "line": 43, "column": 27 }
      },
      "13": {
        "start": { "line": 46, "column": 0 },
        "end": { "line": 46, "column": 29 }
      }
    },
    "fnMap": {
      "0": {
        "name": "(anonymous_0)",
        "decl": {
          "start": { "line": 8, "column": 20 },
          "end": { "line": 8, "column": 21 }
        },
        "loc": {
          "start": { "line": 8, "column": 37 },
          "end": { "line": 44, "column": 1 }
        },
        "line": 8
      },
      "1": {
        "name": "ExtendableBuiltin",
        "decl": {
          "start": { "line": 9, "column": 11 },
          "end": { "line": 9, "column": 28 }
        },
        "loc": {
          "start": { "line": 9, "column": 70 },
          "end": { "line": 40, "column": 3 }
        },
        "line": 9
      }
    },
    "branchMap": {
      "0": {
        "loc": {
          "start": { "line": 8, "column": 21 },
          "end": { "line": 8, "column": 32 }
        },
        "type": "default-arg",
        "locations": [
          {
            "start": { "line": 8, "column": 27 },
            "end": { "line": 8, "column": 32 }
          }
        ],
        "line": 8
      },
      "1": {
        "loc": {
          "start": { "line": 9, "column": 43 },
          "end": { "line": 9, "column": 68 }
        },
        "type": "default-arg",
        "locations": [
          {
            "start": { "line": 9, "column": 63 },
            "end": { "line": 9, "column": 68 }
          }
        ],
        "line": 9
      },
      "2": {
        "loc": {
          "start": { "line": 18, "column": 4 },
          "end": { "line": 20, "column": 5 }
        },
        "type": "if",
        "locations": [
          {
            "start": { "line": 18, "column": 4 },
            "end": { "line": 20, "column": 5 }
          },
          {
            "start": { "line": 18, "column": 4 },
            "end": { "line": 20, "column": 5 }
          }
        ],
        "line": 18
      },
      "3": {
        "loc": {
          "start": { "line": 22, "column": 6 },
          "end": { "line": 22, "column": 79 }
        },
        "type": "cond-expr",
        "locations": [
          {
            "start": { "line": 22, "column": 46 },
            "end": { "line": 22, "column": 74 }
          },
          {
            "start": { "line": 22, "column": 77 },
            "end": { "line": 22, "column": 79 }
          }
        ],
        "line": 22
      },
      "4": {
        "loc": {
          "start": { "line": 22, "column": 6 },
          "end": { "line": 22, "column": 43 }
        },
        "type": "binary-expr",
        "locations": [
          {
            "start": { "line": 22, "column": 6 },
            "end": { "line": 22, "column": 9 }
          },
          {
            "start": { "line": 22, "column": 13 },
            "end": { "line": 22, "column": 22 }
          },
          {
            "start": { "line": 22, "column": 26 },
            "end": { "line": 22, "column": 43 }
          }
        ],
        "line": 22
      },
      "5": {
        "loc": {
          "start": { "line": 23, "column": 18 },
          "end": { "line": 23, "column": 76 }
        },
        "type": "cond-expr",
        "locations": [
          {
            "start": { "line": 23, "column": 37 },
            "end": { "line": 23, "column": 71 }
          },
          {
            "start": { "line": 23, "column": 74 },
            "end": { "line": 23, "column": 76 }
          }
        ],
        "line": 23
      },
      "6": {
        "loc": {
          "start": { "line": 23, "column": 18 },
          "end": { "line": 23, "column": 34 }
        },
        "type": "binary-expr",
        "locations": [
          {
            "start": { "line": 23, "column": 18 },
            "end": { "line": 23, "column": 21 }
          },
          {
            "start": { "line": 23, "column": 25 },
            "end": { "line": 23, "column": 34 }
          }
        ],
        "line": 23
      },
      "7": {
        "loc": {
          "start": { "line": 23, "column": 53 },
          "end": { "line": 23, "column": 69 }
        },
        "type": "binary-expr",
        "locations": [
          {
            "start": { "line": 23, "column": 53 },
            "end": { "line": 23, "column": 56 }
          },
          {
            "start": { "line": 23, "column": 60 },
            "end": { "line": 23, "column": 69 }
          }
        ],
        "line": 23
      },
      "8": {
        "loc": {
          "start": { "line": 24, "column": 4 },
          "end": { "line": 31, "column": 5 }
        },
        "type": "if",
        "locations": [
          {
            "start": { "line": 24, "column": 4 },
            "end": { "line": 31, "column": 5 }
          },
          {
            "start": { "line": 24, "column": 4 },
            "end": { "line": 31, "column": 5 }
          }
        ],
        "line": 24
      },
      "9": {
        "loc": {
          "start": { "line": 24, "column": 8 },
          "end": { "line": 24, "column": 24 }
        },
        "type": "binary-expr",
        "locations": [
          {
            "start": { "line": 24, "column": 8 },
            "end": { "line": 24, "column": 11 }
          },
          {
            "start": { "line": 24, "column": 15 },
            "end": { "line": 24, "column": 24 }
          }
        ],
        "line": 24
      },
      "10": {
        "loc": {
          "start": { "line": 28, "column": 30 },
          "end": { "line": 28, "column": 48 }
        },
        "type": "binary-expr",
        "locations": [
          {
            "start": { "line": 28, "column": 30 },
            "end": { "line": 28, "column": 33 }
          },
          {
            "start": { "line": 28, "column": 37 },
            "end": { "line": 28, "column": 48 }
          }
        ],
        "line": 28
      },
      "11": {
        "loc": {
          "start": { "line": 33, "column": 23 },
          "end": { "line": 33, "column": 65 }
        },
        "type": "binary-expr",
        "locations": [
          {
            "start": { "line": 33, "column": 23 },
            "end": { "line": 33, "column": 26 }
          },
          {
            "start": { "line": 33, "column": 30 },
            "end": { "line": 33, "column": 41 }
          },
          {
            "start": { "line": 33, "column": 45 },
            "end": { "line": 33, "column": 65 }
          }
        ],
        "line": 33
      },
      "12": {
        "loc": {
          "start": { "line": 37, "column": 26 },
          "end": { "line": 37, "column": 42 }
        },
        "type": "binary-expr",
        "locations": [
          {
            "start": { "line": 37, "column": 26 },
            "end": { "line": 37, "column": 36 }
          },
          {
            "start": { "line": 37, "column": 40 },
            "end": { "line": 37, "column": 42 }
          }
        ],
        "line": 37
      }
    },
    "s": {
      "0": 4,
      "1": 20,
      "2": 20,
      "3": 20,
      "4": 20,
      "5": 20,
      "6": 20,
      "7": 20,
      "8": 4,
      "9": 20,
      "10": 20,
      "11": 21,
      "12": 21,
      "13": 4
    },
    "f": { "0": 21, "1": 20 },
    "b": {
      "0": [16],
      "1": [20],
      "2": [20, 0],
      "3": [0, 20],
      "4": [20, 4, 4],
      "5": [4, 16],
      "6": [20, 4],
      "7": [4, 4],
      "8": [4, 16],
      "9": [20, 4],
      "10": [4, 4],
      "11": [20, 4, 4],
      "12": [20, 16]
    },
    "_coverageSchema": "332fd63041d2c1bcb487cc26dd0d5f7d97098a6c",
    "hash": "f17525e1922fbede452debeed778ee61a45e7a76"
  },
  "/media/storage/ws/js/linus/linus-core/src/utils/requiredParam.js": {
    "path": "/media/storage/ws/js/linus/linus-core/src/utils/requiredParam.js",
    "statementMap": {
      "0": {
        "start": { "line": 1, "column": 0 },
        "end": { "line": 10, "column": 2 }
      },
      "1": {
        "start": { "line": 2, "column": 29 },
        "end": { "line": 4, "column": 3 }
      },
      "2": {
        "start": { "line": 6, "column": 2 },
        "end": { "line": 8, "column": 3 }
      },
      "3": {
        "start": { "line": 7, "column": 4 },
        "end": { "line": 7, "column": 63 }
      },
      "4": {
        "start": { "line": 9, "column": 2 },
        "end": { "line": 9, "column": 27 }
      }
    },
    "fnMap": {
      "0": {
        "name": "requiredParam",
        "decl": {
          "start": { "line": 1, "column": 26 },
          "end": { "line": 1, "column": 39 }
        },
        "loc": {
          "start": { "line": 1, "column": 47 },
          "end": { "line": 10, "column": 1 }
        },
        "line": 1
      }
    },
    "branchMap": {
      "0": {
        "loc": {
          "start": { "line": 6, "column": 2 },
          "end": { "line": 8, "column": 3 }
        },
        "type": "if",
        "locations": [
          {
            "start": { "line": 6, "column": 2 },
            "end": { "line": 8, "column": 3 }
          },
          {
            "start": { "line": 6, "column": 2 },
            "end": { "line": 8, "column": 3 }
          }
        ],
        "line": 6
      }
    },
    "s": { "0": 5, "1": 8, "2": 8, "3": 8, "4": 8 },
    "f": { "0": 8 },
    "b": { "0": [8, 0] },
    "_coverageSchema": "332fd63041d2c1bcb487cc26dd0d5f7d97098a6c",
    "hash": "5d118c52a8c1a2166cd0a6edfc66fe14dc8ddc94"
  }
}
