TN:
SF:/media/storage/ws/js/linus/linus-core/src/LinusDialog.js
FN:5,(anonymous_0)
FN:6,(anonymous_1)
FN:13,(anonymous_2)
FN:29,(anonymous_3)
FN:30,(anonymous_4)
FN:31,(anonymous_5)
FNF:6
FNH:5
FNDA:5,(anonymous_0)
FNDA:50,(anonymous_1)
FNDA:5,(anonymous_2)
FNDA:4,(anonymous_3)
FNDA:12,(anonymous_4)
FNDA:0,(anonymous_5)
DA:3,1
DA:5,1
DA:6,5
DA:8,50
DA:14,5
DA:15,5
DA:29,4
DA:30,12
DA:32,0
LF:9
LH:8
BRF:0
BRH:0
end_of_record
TN:
SF:/media/storage/ws/js/linus/linus-core/src/LinusDialogBase.js
FN:29,(anonymous_0)
FN:59,(anonymous_1)
FN:60,(anonymous_2)
FN:71,(anonymous_3)
FN:73,(anonymous_4)
FN:84,(anonymous_5)
FN:85,(anonymous_6)
FN:97,(anonymous_7)
FN:98,(anonymous_8)
FN:109,(anonymous_9)
FN:110,(anonymous_10)
FN:123,(anonymous_11)
FN:151,(anonymous_12)
FN:159,(anonymous_13)
FN:160,(anonymous_14)
FN:176,(anonymous_15)
FN:177,(anonymous_16)
FN:194,(anonymous_17)
FN:202,(anonymous_18)
FN:213,(anonymous_19)
FN:223,(anonymous_20)
FN:240,(anonymous_21)
FN:258,(anonymous_22)
FN:276,(anonymous_23)
FN:293,(anonymous_24)
FN:307,(anonymous_25)
FN:317,(anonymous_26)
FN:328,(anonymous_27)
FN:336,(anonymous_28)
FN:337,(anonymous_29)
FN:364,(anonymous_30)
FN:368,(anonymous_31)
FN:378,(anonymous_32)
FN:384,(anonymous_33)
FN:392,(anonymous_34)
FN:397,(anonymous_35)
FN:402,(anonymous_36)
FN:418,(anonymous_37)
FN:426,(anonymous_38)
FN:437,(anonymous_39)
FN:468,(anonymous_40)
FN:518,(anonymous_41)
FN:535,(anonymous_42)
FN:575,(anonymous_43)
FN:623,(anonymous_44)
FN:639,(anonymous_45)
FN:679,(anonymous_46)
FN:685,(anonymous_47)
FN:697,(anonymous_48)
FN:702,(anonymous_49)
FN:707,(anonymous_50)
FN:713,(anonymous_51)
FN:741,(anonymous_52)
FNF:53
FNH:53
FNDA:90,(anonymous_0)
FNDA:91,(anonymous_1)
FNDA:810,(anonymous_2)
FNDA:91,(anonymous_3)
FNDA:810,(anonymous_4)
FNDA:92,(anonymous_5)
FNDA:358,(anonymous_6)
FNDA:810,(anonymous_7)
FNDA:990,(anonymous_8)
FNDA:995,(anonymous_9)
FNDA:997,(anonymous_10)
FNDA:22,(anonymous_11)
FNDA:103,(anonymous_12)
FNDA:13,(anonymous_13)
FNDA:6,(anonymous_14)
FNDA:7,(anonymous_15)
FNDA:13,(anonymous_16)
FNDA:6,(anonymous_17)
FNDA:15,(anonymous_18)
FNDA:13,(anonymous_19)
FNDA:6,(anonymous_20)
FNDA:14,(anonymous_21)
FNDA:7,(anonymous_22)
FNDA:8,(anonymous_23)
FNDA:7,(anonymous_24)
FNDA:20,(anonymous_25)
FNDA:12,(anonymous_26)
FNDA:7,(anonymous_27)
FNDA:24,(anonymous_28)
FNDA:55,(anonymous_29)
FNDA:7,(anonymous_30)
FNDA:13,(anonymous_31)
FNDA:13,(anonymous_32)
FNDA:26,(anonymous_33)
FNDA:26,(anonymous_34)
FNDA:13,(anonymous_35)
FNDA:4,(anonymous_36)
FNDA:7,(anonymous_37)
FNDA:21,(anonymous_38)
FNDA:7,(anonymous_39)
FNDA:13,(anonymous_40)
FNDA:25,(anonymous_41)
FNDA:34,(anonymous_42)
FNDA:39,(anonymous_43)
FNDA:22,(anonymous_44)
FNDA:39,(anonymous_45)
FNDA:22,(anonymous_46)
FNDA:32,(anonymous_47)
FNDA:2,(anonymous_48)
FNDA:5,(anonymous_49)
FNDA:3,(anonymous_50)
FNDA:4,(anonymous_51)
FNDA:5,(anonymous_52)
DA:9,2
DA:12,2
DA:23,2
DA:24,2
DA:39,90
DA:40,90
DA:42,90
DA:50,90
DA:51,90
DA:60,91
DA:61,810
DA:62,810
DA:63,810
DA:64,810
DA:73,810
DA:85,358
DA:98,990
DA:110,997
DA:124,22
DA:130,3
DA:134,19
DA:138,1
DA:144,18
DA:152,103
DA:160,13
DA:161,6
DA:162,6
DA:165,0
DA:177,7
DA:178,13
DA:179,13
DA:181,1
DA:194,6
DA:203,15
DA:204,15
DA:205,14
DA:214,13
DA:215,12
DA:225,6
DA:228,6
DA:229,6
DA:241,14
DA:242,14
DA:259,7
DA:260,5
DA:261,2
DA:262,1
DA:266,1
DA:277,8
DA:278,8
DA:294,7
DA:295,7
DA:308,20
DA:309,20
DA:310,19
DA:318,12
DA:319,12
DA:320,12
DA:328,7
DA:337,24
DA:338,55
DA:339,55
DA:340,47
DA:341,45
DA:342,3
DA:345,42
DA:346,42
DA:348,1
DA:365,7
DA:366,7
DA:368,13
DA:370,7
DA:379,13
DA:380,2
DA:381,2
DA:384,11
DA:385,26
DA:386,26
DA:388,11
DA:391,11
DA:392,26
DA:395,11
DA:397,13
DA:400,11
DA:401,2
DA:402,4
DA:404,2
DA:408,9
DA:419,7
DA:420,1
DA:423,6
DA:424,6
DA:426,21
DA:428,6
DA:441,7
DA:442,7
DA:443,7
DA:444,7
DA:445,7
DA:446,9
DA:448,9
DA:453,9
DA:454,9
DA:456,7
DA:457,7
DA:458,7
DA:473,13
DA:474,13
DA:475,13
DA:476,13
DA:477,13
DA:478,21
DA:480,21
DA:485,21
DA:486,21
DA:487,21
DA:493,21
DA:498,21
DA:499,21
DA:503,21
DA:505,13
DA:506,13
DA:507,13
DA:524,25
DA:525,15
DA:527,10
DA:539,34
DA:540,34
DA:542,34
DA:543,34
DA:544,39
DA:546,39
DA:547,39
DA:549,39
DA:550,39
DA:555,39
DA:560,39
DA:564,39
DA:565,39
DA:568,34
DA:580,39
DA:581,39
DA:582,39
DA:584,39
DA:585,39
DA:586,22
DA:590,22
DA:595,22
DA:596,22
DA:603,39
DA:604,39
DA:609,39
DA:615,39
DA:620,39
DA:628,22
DA:629,22
DA:630,10
DA:634,10
DA:636,22
DA:643,39
DA:647,39
DA:648,39
DA:649,39
DA:651,39
DA:653,39
DA:654,4
DA:655,4
DA:657,4
DA:658,3
DA:659,3
DA:660,3
DA:661,3
DA:667,35
DA:669,39
DA:685,22
DA:686,32
DA:698,2
DA:703,5
DA:708,3
DA:715,4
DA:716,4
DA:717,4
DA:718,3
DA:720,4
DA:723,4
DA:724,4
DA:729,4
DA:734,4
DA:738,4
DA:742,5
DA:745,5
DA:746,5
DA:747,0
DA:753,5
DA:757,5
DA:758,5
DA:762,5
LF:197
LH:195
BRDA:30,0,0,1
BRDA:31,1,0,0
BRDA:32,2,0,1
BRDA:33,3,0,1
BRDA:34,4,0,90
BRDA:35,5,0,90
BRDA:36,6,0,90
BRDA:62,7,0,810
BRDA:62,7,1,270
BRDA:71,8,0,0
BRDA:75,9,0,810
BRDA:75,9,1,810
BRDA:84,10,0,0
BRDA:87,11,0,1
BRDA:87,11,1,357
BRDA:97,12,0,0
BRDA:100,13,0,990
BRDA:100,13,1,630
BRDA:109,14,0,0
BRDA:113,15,0,94
BRDA:113,15,1,903
BRDA:113,16,0,997
BRDA:113,16,1,997
BRDA:123,17,0,11
BRDA:124,18,0,3
BRDA:124,18,1,19
BRDA:125,19,0,22
BRDA:125,19,1,22
BRDA:125,19,2,21
BRDA:125,19,3,20
BRDA:131,20,0,3
BRDA:131,20,1,3
BRDA:134,21,0,1
BRDA:134,21,1,18
BRDA:135,22,0,19
BRDA:135,22,1,1
BRDA:161,23,0,6
BRDA:161,23,1,0
BRDA:204,24,0,1
BRDA:204,24,1,14
BRDA:214,25,0,1
BRDA:214,25,1,12
BRDA:225,26,0,0
BRDA:225,26,1,6
BRDA:228,27,0,6
BRDA:228,27,1,0
BRDA:258,28,0,0
BRDA:259,29,0,5
BRDA:259,29,1,2
BRDA:261,30,0,1
BRDA:261,30,1,1
BRDA:280,31,0,2
BRDA:280,31,1,6
BRDA:309,32,0,1
BRDA:309,32,1,19
BRDA:318,33,0,4
BRDA:318,34,0,8
BRDA:336,35,0,0
BRDA:336,36,0,0
BRDA:338,37,0,21
BRDA:339,38,0,8
BRDA:339,38,1,47
BRDA:339,39,0,55
BRDA:339,39,1,48
BRDA:340,40,0,2
BRDA:340,40,1,45
BRDA:341,41,0,3
BRDA:341,41,1,42
BRDA:379,42,0,2
BRDA:379,42,1,11
BRDA:385,43,0,26
BRDA:385,43,1,12
BRDA:386,44,0,4
BRDA:386,44,1,22
BRDA:392,45,0,26
BRDA:392,45,1,12
BRDA:400,46,0,2
BRDA:400,46,1,9
BRDA:402,47,0,4
BRDA:402,47,1,1
BRDA:419,48,0,1
BRDA:419,48,1,6
BRDA:419,49,0,7
BRDA:419,49,1,7
BRDA:438,50,0,0
BRDA:439,51,0,0
BRDA:470,52,0,0
BRDA:471,53,0,3
BRDA:503,54,0,1
BRDA:503,54,1,20
BRDA:520,55,0,0
BRDA:524,56,0,15
BRDA:524,56,1,10
BRDA:536,57,0,0
BRDA:537,58,0,0
BRDA:565,59,0,4
BRDA:565,59,1,35
BRDA:577,60,0,0
BRDA:578,61,0,0
BRDA:584,62,0,39
BRDA:584,62,1,24
BRDA:585,63,0,22
BRDA:585,63,1,17
BRDA:624,64,0,0
BRDA:625,65,0,0
BRDA:626,66,0,0
BRDA:629,67,0,10
BRDA:629,67,1,12
BRDA:640,68,0,0
BRDA:641,69,0,0
BRDA:651,70,0,39
BRDA:651,70,1,39
BRDA:651,70,2,4
BRDA:653,71,0,4
BRDA:653,71,1,35
BRDA:655,72,0,4
BRDA:655,72,1,0
BRDA:657,73,0,3
BRDA:657,73,1,1
BRDA:680,74,0,0
BRDA:716,75,0,4
BRDA:716,75,1,1
BRDA:717,76,0,3
BRDA:717,76,1,1
BRDA:721,77,0,4
BRDA:721,77,1,4
BRDA:743,78,0,5
BRDA:743,78,1,5
BRDA:746,79,0,0
BRDA:746,79,1,5
BRF:130
BRH:103
end_of_record
TN:
SF:/media/storage/ws/js/linus/linus-core/src/tokenizers/watson/WatsonTokenizer.js
FN:6,(anonymous_0)
FN:10,(anonymous_1)
FNF:2
FNH:2
FNDA:1,(anonymous_0)
FNDA:1,(anonymous_1)
DA:3,1
DA:7,1
DA:8,1
DA:10,1
LF:4
LH:4
BRF:0
BRH:0
end_of_record
TN:
SF:/media/storage/ws/js/linus/linus-core/src/tokenizers/watson/WatsonTokenizerBase.js
FN:7,(anonymous_0)
FN:37,(anonymous_1)
FN:46,(anonymous_2)
FN:59,(anonymous_3)
FN:60,(anonymous_4)
FN:61,(anonymous_5)
FN:77,(anonymous_6)
FN:99,(anonymous_7)
FN:105,(anonymous_8)
FN:107,(anonymous_9)
FN:108,(anonymous_10)
FN:119,(anonymous_11)
FN:124,(anonymous_12)
FN:126,(anonymous_13)
FN:141,(anonymous_14)
FN:154,(anonymous_15)
FN:156,(anonymous_16)
FN:169,(anonymous_17)
FNF:18
FNH:18
FNDA:20,(anonymous_0)
FNDA:23,(anonymous_1)
FNDA:6,(anonymous_2)
FNDA:4,(anonymous_3)
FNDA:4,(anonymous_4)
FNDA:4,(anonymous_5)
FNDA:4,(anonymous_6)
FNDA:6,(anonymous_7)
FNDA:21,(anonymous_8)
FNDA:8,(anonymous_9)
FNDA:14,(anonymous_10)
FNDA:6,(anonymous_11)
FNDA:15,(anonymous_12)
FNDA:12,(anonymous_13)
FNDA:4,(anonymous_14)
FNDA:6,(anonymous_15)
FNDA:8,(anonymous_16)
FNDA:3,(anonymous_17)
DA:5,2
DA:19,20
DA:21,20
DA:28,20
DA:29,20
DA:30,20
DA:38,23
DA:46,6
DA:60,4
DA:61,4
DA:62,4
DA:64,1
DA:65,1
DA:67,3
DA:79,4
DA:84,4
DA:89,4
DA:104,6
DA:105,21
DA:107,8
DA:108,14
DA:109,6
DA:123,6
DA:124,15
DA:126,6
DA:127,12
DA:128,12
DA:129,12
DA:130,12
DA:132,6
DA:133,6
DA:142,4
DA:143,4
DA:155,6
DA:156,6
DA:157,8
DA:159,6
DA:170,3
DA:171,2
DA:172,2
DA:173,2
LF:41
LH:41
BRDA:8,0,0,1
BRDA:9,1,0,1
BRDA:10,2,0,1
BRDA:11,3,0,1
BRDA:12,4,0,2
BRDA:13,5,0,2
BRDA:62,6,0,1
BRDA:62,6,1,3
BRDA:77,7,0,1
BRDA:100,8,0,1
BRDA:101,9,0,1
BRDA:120,10,0,1
BRDA:121,11,0,1
BRDA:128,12,0,12
BRDA:128,12,1,7
BRDA:141,13,0,2
BRDA:154,14,0,1
BRF:17
BRH:17
end_of_record
TN:
SF:/media/storage/ws/js/linus/linus-core/src/utils/RTInterpreter.js
FN:8,(anonymous_0)
FN:14,(anonymous_1)
FN:29,(anonymous_2)
FN:30,(anonymous_3)
FNF:4
FNH:4
FNDA:101,(anonymous_0)
FNDA:1547,(anonymous_1)
FNDA:3,(anonymous_2)
FNDA:7,(anonymous_3)
DA:3,3
DA:4,3
DA:9,101
DA:12,101
DA:14,101
DA:15,1547
DA:16,1
DA:20,1546
DA:21,1546
DA:22,1546
DA:24,2
DA:27,1544
DA:29,101
DA:30,3
DA:31,7
DA:32,7
DA:33,6
DA:34,1
DA:39,5
DA:42,101
LF:20
LH:20
BRDA:8,0,0,1
BRDA:15,1,0,1
BRDA:15,1,1,1546
BRDA:32,2,0,1
BRDA:32,2,1,6
BRDA:33,3,0,1
BRDA:33,3,1,5
BRF:7
BRH:7
end_of_record
TN:
SF:/media/storage/ws/js/linus/linus-core/src/utils/extendError.js
FN:8,(anonymous_0)
FN:9,ExtendableBuiltin
FNF:2
FNH:2
FNDA:21,(anonymous_0)
FNDA:20,ExtendableBuiltin
DA:8,4
DA:10,20
DA:11,20
DA:18,20
DA:19,20
DA:22,20
DA:23,20
DA:24,20
DA:25,4
DA:33,20
DA:34,20
DA:41,21
DA:43,21
DA:46,4
LF:14
LH:14
BRDA:8,0,0,16
BRDA:9,1,0,20
BRDA:18,2,0,20
BRDA:18,2,1,0
BRDA:22,3,0,0
BRDA:22,3,1,20
BRDA:22,4,0,20
BRDA:22,4,1,4
BRDA:22,4,2,4
BRDA:23,5,0,4
BRDA:23,5,1,16
BRDA:23,6,0,20
BRDA:23,6,1,4
BRDA:23,7,0,4
BRDA:23,7,1,4
BRDA:24,8,0,4
BRDA:24,8,1,16
BRDA:24,9,0,20
BRDA:24,9,1,4
BRDA:28,10,0,4
BRDA:28,10,1,4
BRDA:33,11,0,20
BRDA:33,11,1,4
BRDA:33,11,2,4
BRDA:37,12,0,20
BRDA:37,12,1,16
BRF:26
BRH:24
end_of_record
TN:
SF:/media/storage/ws/js/linus/linus-core/src/utils/requiredParam.js
FN:1,requiredParam
FNF:1
FNH:1
FNDA:8,requiredParam
DA:1,5
DA:2,8
DA:6,8
DA:7,8
DA:9,8
LF:5
LH:5
BRDA:6,0,0,8
BRDA:6,0,1,0
BRF:2
BRH:1
end_of_record
