TN:
SF:/media/storage/ws/js/linus/linus-core/src/LinusDialogBase.js
FN:10,(anonymous_0)
FN:20,(anonymous_1)
FN:32,(anonymous_2)
FN:60,(anonymous_3)
FN:69,(anonymous_4)
FN:71,(anonymous_5)
FN:77,(anonymous_6)
FN:85,(anonymous_7)
FN:96,(anonymous_8)
FN:106,(anonymous_9)
FN:121,(anonymous_10)
FN:131,(anonymous_11)
FN:139,(anonymous_12)
FN:144,(anonymous_13)
FN:148,(anonymous_14)
FN:151,(anonymous_15)
FN:155,(anonymous_16)
FNF:17
FNH:11
FNDA:15,(anonymous_0)
FNDA:45,(anonymous_1)
FNDA:14,(anonymous_2)
FNDA:16,(anonymous_3)
FNDA:2,(anonymous_4)
FNDA:4,(anonymous_5)
FNDA:2,(anonymous_6)
FNDA:7,(anonymous_7)
FNDA:5,(anonymous_8)
FNDA:2,(anonymous_9)
FNDA:0,(anonymous_10)
FNDA:3,(anonymous_11)
FNDA:0,(anonymous_12)
FNDA:0,(anonymous_13)
FNDA:0,(anonymous_14)
FNDA:0,(anonymous_15)
FNDA:0,(anonymous_16)
DA:4,1
DA:17,15
DA:20,45
DA:23,15
DA:24,15
DA:33,14
DA:39,3
DA:43,11
DA:47,1
DA:53,10
DA:61,16
DA:70,2
DA:71,4
DA:77,2
DA:86,7
DA:87,7
DA:88,6
DA:97,5
DA:98,4
DA:108,2
DA:111,2
DA:112,2
DA:122,0
DA:123,0
DA:133,3
DA:140,0
DA:141,0
DA:158,0
DA:159,0
DA:160,0
DA:161,0
LF:31
LH:23
BRDA:11,0,0,0
BRDA:12,1,0,0
BRDA:13,2,0,0
BRDA:14,3,0,15
BRDA:15,4,0,15
BRDA:32,5,0,11
BRDA:33,6,0,3
BRDA:33,6,1,11
BRDA:34,7,0,14
BRDA:34,7,1,14
BRDA:34,7,2,13
BRDA:34,7,3,12
BRDA:40,8,0,3
BRDA:40,8,1,3
BRDA:43,9,0,1
BRDA:43,9,1,10
BRDA:44,10,0,11
BRDA:44,10,1,1
BRDA:87,11,0,1
BRDA:87,11,1,6
BRDA:97,12,0,1
BRDA:97,12,1,4
BRDA:108,13,0,0
BRDA:108,13,1,2
BRDA:111,14,0,2
BRDA:111,14,1,0
BRDA:140,15,0,0
BRDA:158,16,0,0
BRDA:158,16,1,0
BRF:29
BRH:21
end_of_record
TN:
SF:/media/storage/ws/js/linus/linus-core/src/utils/requiredParam.js
FN:1,requiredParam
FNF:1
FNH:1
FNDA:2,requiredParam
DA:1,2
DA:2,2
DA:6,2
DA:7,2
DA:9,2
LF:5
LH:5
BRDA:6,0,0,2
BRDA:6,0,1,0
BRF:2
BRH:1
end_of_record
TN:
SF:/media/storage/ws/js/linus/linus-core/src/utils/test/helpers.js
FN:1,(anonymous_0)
FN:2,(anonymous_1)
FNF:2
FNH:2
FNDA:4,(anonymous_0)
FNDA:4,(anonymous_1)
DA:1,1
DA:2,4
DA:4,1
DA:5,1
DA:6,1
DA:7,1
DA:8,1
LF:7
LH:7
BRF:0
BRH:0
end_of_record
TN:
SF:/media/storage/ws/js/linus/linus-core/src/utils/test/test-bot-data.js
FNF:0
FNH:0
DA:3,1
LF:1
LH:1
BRF:0
BRH:0
end_of_record
TN:
SF:/media/storage/ws/js/linus/linus-core/src/utils/test/tokenizers.js
FN:3,(anonymous_0)
FN:5,(anonymous_1)
FN:8,(anonymous_2)
FN:10,(anonymous_3)
FN:11,(anonymous_4)
FN:17,(anonymous_5)
FN:22,(anonymous_6)
FN:23,(anonymous_7)
FNF:8
FNH:4
FNDA:12,(anonymous_0)
FNDA:0,(anonymous_1)
FNDA:8,(anonymous_2)
FNDA:4,(anonymous_3)
FNDA:4,(anonymous_4)
FNDA:0,(anonymous_5)
FNDA:0,(anonymous_6)
FNDA:0,(anonymous_7)
DA:3,12
DA:8,8
DA:11,4
DA:17,1
DA:20,0
DA:23,0
DA:27,1
LF:7
LH:5
BRDA:3,0,0,3
BRDA:8,1,0,0
BRDA:8,2,0,6
BRDA:18,3,0,0
BRDA:19,4,0,0
BRF:5
BRH:2
end_of_record
