<?xml version="1.0" encoding="UTF-8"?>
<coverage generated="1524679350648" clover="3.2.0">
  <project timestamp="1524679350648" name="All files">
    <metrics statements="47" coveredstatements="24" conditionals="33" coveredconditionals="10" methods="20" coveredmethods="6" elements="100" coveredelements="40" complexity="0" loc="47" ncloc="47" packages="3" files="5" classes="5">
      <package name="src">
        <metrics statements="29" coveredstatements="9" conditionals="29" coveredconditionals="9" methods="13" coveredmethods="5"/>
        <file name="LinusDialogBase.js" path="/media/storage/ws/js/linus/linus-core/src/LinusDialogBase.js">
          <metrics statements="29" coveredstatements="9" conditionals="29" coveredconditionals="9" methods="13" coveredmethods="5"/>
          <line num="4" count="1" type="stmt"/>
          <line num="17" count="4" type="stmt"/>
          <line num="20" count="12" type="stmt"/>
          <line num="23" count="4" type="stmt"/>
          <line num="24" count="4" type="stmt"/>
          <line num="33" count="2" type="cond" truecount="1" falsecount="1"/>
          <line num="39" count="2" type="stmt"/>
          <line num="43" count="0" type="cond" truecount="0" falsecount="2"/>
          <line num="47" count="0" type="stmt"/>
          <line num="53" count="0" type="stmt"/>
          <line num="62" count="0" type="stmt"/>
          <line num="63" count="0" type="stmt"/>
          <line num="69" count="0" type="stmt"/>
          <line num="78" count="0" type="stmt"/>
          <line num="79" count="0" type="cond" truecount="0" falsecount="2"/>
          <line num="80" count="0" type="stmt"/>
          <line num="89" count="0" type="cond" truecount="0" falsecount="2"/>
          <line num="90" count="0" type="stmt"/>
          <line num="99" count="0" type="stmt"/>
          <line num="100" count="0" type="stmt"/>
          <line num="103" count="0" type="stmt"/>
          <line num="106" count="0" type="stmt"/>
          <line num="120" count="1" type="stmt"/>
          <line num="127" count="4" type="stmt"/>
          <line num="135" count="0" type="cond" truecount="0" falsecount="1"/>
          <line num="136" count="0" type="stmt"/>
          <line num="142" count="0" type="cond" truecount="0" falsecount="2"/>
          <line num="143" count="0" type="stmt"/>
          <line num="144" count="0" type="stmt"/>
        </file>
      </package>
      <package name="src.utils">
        <metrics statements="5" coveredstatements="5" conditionals="2" coveredconditionals="1" methods="1" coveredmethods="1"/>
        <file name="requiredParam.js" path="/media/storage/ws/js/linus/linus-core/src/utils/requiredParam.js">
          <metrics statements="5" coveredstatements="5" conditionals="2" coveredconditionals="1" methods="1" coveredmethods="1"/>
          <line num="1" count="2" type="stmt"/>
          <line num="2" count="2" type="stmt"/>
          <line num="6" count="2" type="cond" truecount="1" falsecount="1"/>
          <line num="7" count="2" type="stmt"/>
          <line num="9" count="2" type="stmt"/>
        </file>
      </package>
      <package name="src.utils.test">
        <metrics statements="13" coveredstatements="10" conditionals="2" coveredconditionals="0" methods="6" coveredmethods="0"/>
        <file name="helpers.js" path="/media/storage/ws/js/linus/linus-core/src/utils/test/helpers.js">
          <metrics statements="7" coveredstatements="6" conditionals="0" coveredconditionals="0" methods="2" coveredmethods="0"/>
          <line num="1" count="1" type="stmt"/>
          <line num="2" count="0" type="stmt"/>
          <line num="4" count="1" type="stmt"/>
          <line num="5" count="1" type="stmt"/>
          <line num="6" count="1" type="stmt"/>
          <line num="7" count="1" type="stmt"/>
          <line num="8" count="1" type="stmt"/>
        </file>
        <file name="test-bot-data.js" path="/media/storage/ws/js/linus/linus-core/src/utils/test/test-bot-data.js">
          <metrics statements="1" coveredstatements="1" conditionals="0" coveredconditionals="0" methods="0" coveredmethods="0"/>
          <line num="3" count="1" type="stmt"/>
        </file>
        <file name="tokenizers.js" path="/media/storage/ws/js/linus/linus-core/src/utils/test/tokenizers.js">
          <metrics statements="5" coveredstatements="3" conditionals="2" coveredconditionals="0" methods="4" coveredmethods="0"/>
          <line num="3" count="1" type="stmt"/>
          <line num="5" count="1" type="stmt"/>
          <line num="8" count="0" type="stmt"/>
          <line num="11" count="0" type="stmt"/>
          <line num="15" count="1" type="stmt"/>
        </file>
      </package>
    </metrics>
  </project>
</coverage>
