{
  "/media/storage/ws/js/linus/linus-core/src/LinusDialogBase.js": {
    "path": "/media/storage/ws/js/linus/linus-core/src/LinusDialogBase.js",
    "statementMap": {
      "0": {
        "start": { "line": 4, "column": 17 },
        "end": { "line": 4, "column": 22 }
      },
      "1": {
        "start": { "line": 17, "column": 4 },
        "end": { "line": 21, "column": 6 }
      },
      "2": {
        "start": { "line": 20, "column": 47 },
        "end": { "line": 20, "column": 69 }
      },
      "3": {
        "start": { "line": 23, "column": 4 },
        "end": { "line": 23, "column": 31 }
      },
      "4": {
        "start": { "line": 24, "column": 4 },
        "end": { "line": 24, "column": 40 }
      },
      "5": {
        "start": { "line": 33, "column": 4 },
        "end": { "line": 42, "column": 8 }
      },
      "6": {
        "start": { "line": 39, "column": 6 },
        "end": { "line": 42, "column": 8 }
      },
      "7": {
        "start": { "line": 43, "column": 4 },
        "end": { "line": 52, "column": 5 }
      },
      "8": {
        "start": { "line": 47, "column": 6 },
        "end": { "line": 51, "column": 8 }
      },
      "9": {
        "start": { "line": 53, "column": 4 },
        "end": { "line": 53, "column": 62 }
      },
      "10": {
        "start": { "line": 62, "column": 21 },
        "end": { "line": 64, "column": 5 }
      },
      "11": {
        "start": { "line": 63, "column": 19 },
        "end": { "line": 63, "column": 63 }
      },
      "12": {
        "start": { "line": 69, "column": 4 },
        "end": { "line": 69, "column": 74 }
      },
      "13": {
        "start": { "line": 69, "column": 48 },
        "end": { "line": 69, "column": 72 }
      },
      "14": {
        "start": { "line": 78, "column": 22 },
        "end": { "line": 78, "column": 57 }
      },
      "15": {
        "start": { "line": 79, "column": 4 },
        "end": { "line": 79, "column": 80 }
      },
      "16": {
        "start": { "line": 79, "column": 20 },
        "end": { "line": 79, "column": 80 }
      },
      "17": {
        "start": { "line": 80, "column": 4 },
        "end": { "line": 80, "column": 21 }
      },
      "18": {
        "start": { "line": 89, "column": 4 },
        "end": { "line": 89, "column": 34 }
      },
      "19": {
        "start": { "line": 89, "column": 24 },
        "end": { "line": 89, "column": 34 }
      },
      "20": {
        "start": { "line": 90, "column": 4 },
        "end": { "line": 90, "column": 48 }
      },
      "21": {
        "start": { "line": 99, "column": 29 },
        "end": { "line": 99, "column": 78 }
      },
      "22": {
        "start": { "line": 100, "column": 35 },
        "end": { "line": 102, "column": 5 }
      },
      "23": {
        "start": { "line": 103, "column": 34 },
        "end": { "line": 105, "column": 5 }
      },
      "24": {
        "start": { "line": 106, "column": 4 },
        "end": { "line": 110, "column": 6 }
      },
      "25": {
        "start": { "line": 120, "column": 4 },
        "end": { "line": 120, "column": 28 }
      },
      "26": {
        "start": { "line": 127, "column": 4 },
        "end": { "line": 127, "column": 47 }
      },
      "27": {
        "start": { "line": 135, "column": 32 },
        "end": { "line": 135, "column": 39 }
      },
      "28": {
        "start": { "line": 136, "column": 4 },
        "end": { "line": 136, "column": 40 }
      },
      "29": {
        "start": { "line": 142, "column": 6 },
        "end": { "line": 142, "column": 68 }
      },
      "30": {
        "start": { "line": 143, "column": 28 },
        "end": { "line": 143, "column": 58 }
      },
      "31": {
        "start": { "line": 144, "column": 26 },
        "end": { "line": 144, "column": 76 }
      }
    },
    "fnMap": {
      "0": {
        "name": "(anonymous_0)",
        "decl": {
          "start": { "line": 10, "column": 2 },
          "end": { "line": 10, "column": 3 }
        },
        "loc": {
          "start": { "line": 16, "column": 5 },
          "end": { "line": 25, "column": 3 }
        },
        "line": 16
      },
      "1": {
        "name": "(anonymous_1)",
        "decl": {
          "start": { "line": 20, "column": 42 },
          "end": { "line": 20, "column": 43 }
        },
        "loc": {
          "start": { "line": 20, "column": 47 },
          "end": { "line": 20, "column": 69 }
        },
        "line": 20
      },
      "2": {
        "name": "(anonymous_2)",
        "decl": {
          "start": { "line": 32, "column": 22 },
          "end": { "line": 32, "column": 23 }
        },
        "loc": {
          "start": { "line": 32, "column": 55 },
          "end": { "line": 54, "column": 3 }
        },
        "line": 32
      },
      "3": {
        "name": "(anonymous_3)",
        "decl": {
          "start": { "line": 61, "column": 18 },
          "end": { "line": 61, "column": 19 }
        },
        "loc": {
          "start": { "line": 61, "column": 49 },
          "end": { "line": 70, "column": 3 }
        },
        "line": 61
      },
      "4": {
        "name": "(anonymous_4)",
        "decl": {
          "start": { "line": 63, "column": 6 },
          "end": { "line": 63, "column": 7 }
        },
        "loc": {
          "start": { "line": 63, "column": 19 },
          "end": { "line": 63, "column": 63 }
        },
        "line": 63
      },
      "5": {
        "name": "(anonymous_5)",
        "decl": {
          "start": { "line": 69, "column": 38 },
          "end": { "line": 69, "column": 39 }
        },
        "loc": {
          "start": { "line": 69, "column": 48 },
          "end": { "line": 69, "column": 72 }
        },
        "line": 69
      },
      "6": {
        "name": "(anonymous_6)",
        "decl": {
          "start": { "line": 77, "column": 17 },
          "end": { "line": 77, "column": 18 }
        },
        "loc": {
          "start": { "line": 77, "column": 32 },
          "end": { "line": 81, "column": 3 }
        },
        "line": 77
      },
      "7": {
        "name": "(anonymous_7)",
        "decl": {
          "start": { "line": 88, "column": 18 },
          "end": { "line": 88, "column": 19 }
        },
        "loc": {
          "start": { "line": 88, "column": 35 },
          "end": { "line": 91, "column": 3 }
        },
        "line": 88
      },
      "8": {
        "name": "(anonymous_8)",
        "decl": {
          "start": { "line": 98, "column": 23 },
          "end": { "line": 98, "column": 24 }
        },
        "loc": {
          "start": { "line": 98, "column": 32 },
          "end": { "line": 111, "column": 3 }
        },
        "line": 98
      },
      "9": {
        "name": "(anonymous_9)",
        "decl": {
          "start": { "line": 118, "column": 13 },
          "end": { "line": 118, "column": 14 }
        },
        "loc": {
          "start": { "line": 120, "column": 4 },
          "end": { "line": 120, "column": 28 }
        },
        "line": 120
      },
      "10": {
        "name": "(anonymous_10)",
        "decl": {
          "start": { "line": 126, "column": 23 },
          "end": { "line": 126, "column": 24 }
        },
        "loc": {
          "start": { "line": 126, "column": 37 },
          "end": { "line": 128, "column": 3 }
        },
        "line": 126
      },
      "11": {
        "name": "(anonymous_11)",
        "decl": {
          "start": { "line": 134, "column": 8 },
          "end": { "line": 134, "column": 9 }
        },
        "loc": {
          "start": { "line": 134, "column": 19 },
          "end": { "line": 137, "column": 3 }
        },
        "line": 134
      },
      "12": {
        "name": "(anonymous_12)",
        "decl": {
          "start": { "line": 139, "column": 12 },
          "end": { "line": 139, "column": 13 }
        },
        "loc": {
          "start": { "line": 139, "column": 36 },
          "end": { "line": 146, "column": 3 }
        },
        "line": 139
      }
    },
    "branchMap": {
      "0": {
        "loc": {
          "start": { "line": 11, "column": 4 },
          "end": { "line": 11, "column": 30 }
        },
        "type": "default-arg",
        "locations": [
          {
            "start": { "line": 11, "column": 10 },
            "end": { "line": 11, "column": 30 }
          }
        ],
        "line": 11
      },
      "1": {
        "loc": {
          "start": { "line": 12, "column": 4 },
          "end": { "line": 12, "column": 15 }
        },
        "type": "default-arg",
        "locations": [
          {
            "start": { "line": 12, "column": 13 },
            "end": { "line": 12, "column": 15 }
          }
        ],
        "line": 12
      },
      "2": {
        "loc": {
          "start": { "line": 13, "column": 4 },
          "end": { "line": 13, "column": 21 }
        },
        "type": "default-arg",
        "locations": [
          {
            "start": { "line": 13, "column": 19 },
            "end": { "line": 13, "column": 21 }
          }
        ],
        "line": 13
      },
      "3": {
        "loc": {
          "start": { "line": 14, "column": 4 },
          "end": { "line": 14, "column": 17 }
        },
        "type": "default-arg",
        "locations": [
          {
            "start": { "line": 14, "column": 15 },
            "end": { "line": 14, "column": 17 }
          }
        ],
        "line": 14
      },
      "4": {
        "loc": {
          "start": { "line": 15, "column": 4 },
          "end": { "line": 15, "column": 19 }
        },
        "type": "default-arg",
        "locations": [
          {
            "start": { "line": 15, "column": 17 },
            "end": { "line": 15, "column": 19 }
          }
        ],
        "line": 15
      },
      "5": {
        "loc": {
          "start": { "line": 32, "column": 34 },
          "end": { "line": 32, "column": 50 }
        },
        "type": "default-arg",
        "locations": [
          {
            "start": { "line": 32, "column": 46 },
            "end": { "line": 32, "column": 50 }
          }
        ],
        "line": 32
      },
      "6": {
        "loc": {
          "start": { "line": 33, "column": 4 },
          "end": { "line": 42, "column": 8 }
        },
        "type": "if",
        "locations": [
          {
            "start": { "line": 33, "column": 4 },
            "end": { "line": 42, "column": 8 }
          },
          {
            "start": { "line": 33, "column": 4 },
            "end": { "line": 42, "column": 8 }
          }
        ],
        "line": 33
      },
      "7": {
        "loc": {
          "start": { "line": 34, "column": 6 },
          "end": { "line": 37, "column": 39 }
        },
        "type": "binary-expr",
        "locations": [
          {
            "start": { "line": 34, "column": 6 },
            "end": { "line": 34, "column": 16 }
          },
          {
            "start": { "line": 35, "column": 6 },
            "end": { "line": 35, "column": 19 }
          },
          {
            "start": { "line": 36, "column": 6 },
            "end": { "line": 36, "column": 25 }
          },
          {
            "start": { "line": 37, "column": 6 },
            "end": { "line": 37, "column": 39 }
          }
        ],
        "line": 34
      },
      "8": {
        "loc": {
          "start": { "line": 40, "column": 29 },
          "end": { "line": 41, "column": 22 }
        },
        "type": "binary-expr",
        "locations": [
          {
            "start": { "line": 40, "column": 29 },
            "end": { "line": 40, "column": 38 }
          },
          {
            "start": { "line": 41, "column": 10 },
            "end": { "line": 41, "column": 22 }
          }
        ],
        "line": 40
      },
      "9": {
        "loc": {
          "start": { "line": 43, "column": 4 },
          "end": { "line": 52, "column": 5 }
        },
        "type": "if",
        "locations": [
          {
            "start": { "line": 43, "column": 4 },
            "end": { "line": 52, "column": 5 }
          },
          {
            "start": { "line": 43, "column": 4 },
            "end": { "line": 52, "column": 5 }
          }
        ],
        "line": 43
      },
      "10": {
        "loc": {
          "start": { "line": 44, "column": 6 },
          "end": { "line": 45, "column": 53 }
        },
        "type": "binary-expr",
        "locations": [
          {
            "start": { "line": 44, "column": 6 },
            "end": { "line": 44, "column": 25 }
          },
          {
            "start": { "line": 45, "column": 6 },
            "end": { "line": 45, "column": 53 }
          }
        ],
        "line": 44
      },
      "11": {
        "loc": {
          "start": { "line": 79, "column": 4 },
          "end": { "line": 79, "column": 80 }
        },
        "type": "if",
        "locations": [
          {
            "start": { "line": 79, "column": 4 },
            "end": { "line": 79, "column": 80 }
          },
          {
            "start": { "line": 79, "column": 4 },
            "end": { "line": 79, "column": 80 }
          }
        ],
        "line": 79
      },
      "12": {
        "loc": {
          "start": { "line": 89, "column": 4 },
          "end": { "line": 89, "column": 34 }
        },
        "type": "if",
        "locations": [
          {
            "start": { "line": 89, "column": 4 },
            "end": { "line": 89, "column": 34 }
          },
          {
            "start": { "line": 89, "column": 4 },
            "end": { "line": 89, "column": 34 }
          }
        ],
        "line": 89
      },
      "13": {
        "loc": {
          "start": { "line": 101, "column": 6 },
          "end": { "line": 101, "column": 40 }
        },
        "type": "binary-expr",
        "locations": [
          {
            "start": { "line": 101, "column": 6 },
            "end": { "line": 101, "column": 34 }
          },
          {
            "start": { "line": 101, "column": 38 },
            "end": { "line": 101, "column": 40 }
          }
        ],
        "line": 101
      },
      "14": {
        "loc": {
          "start": { "line": 104, "column": 6 },
          "end": { "line": 104, "column": 39 }
        },
        "type": "binary-expr",
        "locations": [
          {
            "start": { "line": 104, "column": 6 },
            "end": { "line": 104, "column": 33 }
          },
          {
            "start": { "line": 104, "column": 37 },
            "end": { "line": 104, "column": 39 }
          }
        ],
        "line": 104
      },
      "15": {
        "loc": {
          "start": { "line": 135, "column": 12 },
          "end": { "line": 135, "column": 27 }
        },
        "type": "default-arg",
        "locations": [
          {
            "start": { "line": 135, "column": 25 },
            "end": { "line": 135, "column": 27 }
          }
        ],
        "line": 135
      },
      "16": {
        "loc": {
          "start": { "line": 142, "column": 6 },
          "end": { "line": 142, "column": 68 }
        },
        "type": "binary-expr",
        "locations": [
          {
            "start": { "line": 142, "column": 6 },
            "end": { "line": 142, "column": 42 }
          },
          {
            "start": { "line": 142, "column": 46 },
            "end": { "line": 142, "column": 68 }
          }
        ],
        "line": 142
      }
    },
    "s": {
      "0": 1,
      "1": 4,
      "2": 12,
      "3": 4,
      "4": 4,
      "5": 2,
      "6": 2,
      "7": 0,
      "8": 0,
      "9": 0,
      "10": 0,
      "11": 0,
      "12": 0,
      "13": 0,
      "14": 0,
      "15": 0,
      "16": 0,
      "17": 0,
      "18": 0,
      "19": 0,
      "20": 0,
      "21": 0,
      "22": 0,
      "23": 0,
      "24": 0,
      "25": 1,
      "26": 4,
      "27": 0,
      "28": 0,
      "29": 0,
      "30": 0,
      "31": 0
    },
    "f": {
      "0": 4,
      "1": 12,
      "2": 2,
      "3": 0,
      "4": 0,
      "5": 0,
      "6": 0,
      "7": 0,
      "8": 0,
      "9": 1,
      "10": 4,
      "11": 0,
      "12": 0
    },
    "b": {
      "0": [0],
      "1": [0],
      "2": [0],
      "3": [4],
      "4": [4],
      "5": [2],
      "6": [2, 0],
      "7": [2, 2, 1, 0],
      "8": [2, 2],
      "9": [0, 0],
      "10": [0, 0],
      "11": [0, 0],
      "12": [0, 0],
      "13": [0, 0],
      "14": [0, 0],
      "15": [0],
      "16": [0, 0]
    },
    "_coverageSchema": "332fd63041d2c1bcb487cc26dd0d5f7d97098a6c",
    "hash": "0a54a99ae61b1bfce4a0d438ed1a92047b5e28b6"
  },
  "/media/storage/ws/js/linus/linus-core/src/utils/requiredParam.js": {
    "path": "/media/storage/ws/js/linus/linus-core/src/utils/requiredParam.js",
    "statementMap": {
      "0": {
        "start": { "line": 1, "column": 0 },
        "end": { "line": 10, "column": 2 }
      },
      "1": {
        "start": { "line": 2, "column": 29 },
        "end": { "line": 4, "column": 3 }
      },
      "2": {
        "start": { "line": 6, "column": 2 },
        "end": { "line": 8, "column": 3 }
      },
      "3": {
        "start": { "line": 7, "column": 4 },
        "end": { "line": 7, "column": 63 }
      },
      "4": {
        "start": { "line": 9, "column": 2 },
        "end": { "line": 9, "column": 27 }
      }
    },
    "fnMap": {
      "0": {
        "name": "requiredParam",
        "decl": {
          "start": { "line": 1, "column": 26 },
          "end": { "line": 1, "column": 39 }
        },
        "loc": {
          "start": { "line": 1, "column": 47 },
          "end": { "line": 10, "column": 1 }
        },
        "line": 1
      }
    },
    "branchMap": {
      "0": {
        "loc": {
          "start": { "line": 6, "column": 2 },
          "end": { "line": 8, "column": 3 }
        },
        "type": "if",
        "locations": [
          {
            "start": { "line": 6, "column": 2 },
            "end": { "line": 8, "column": 3 }
          },
          {
            "start": { "line": 6, "column": 2 },
            "end": { "line": 8, "column": 3 }
          }
        ],
        "line": 6
      }
    },
    "s": { "0": 2, "1": 2, "2": 2, "3": 2, "4": 2 },
    "f": { "0": 2 },
    "b": { "0": [2, 0] },
    "_coverageSchema": "332fd63041d2c1bcb487cc26dd0d5f7d97098a6c",
    "hash": "5d118c52a8c1a2166cd0a6edfc66fe14dc8ddc94"
  },
  "/media/storage/ws/js/linus/linus-core/src/utils/test/helpers.js": {
    "path": "/media/storage/ws/js/linus/linus-core/src/utils/test/helpers.js",
    "statementMap": {
      "0": {
        "start": { "line": 1, "column": 20 },
        "end": { "line": 2, "column": 63 }
      },
      "1": {
        "start": { "line": 2, "column": 2 },
        "end": { "line": 2, "column": 63 }
      },
      "2": {
        "start": { "line": 2, "column": 25 },
        "end": { "line": 2, "column": 62 }
      },
      "3": {
        "start": { "line": 4, "column": 22 },
        "end": { "line": 4, "column": 26 }
      },
      "4": {
        "start": { "line": 5, "column": 22 },
        "end": { "line": 5, "column": 26 }
      },
      "5": {
        "start": { "line": 6, "column": 22 },
        "end": { "line": 6, "column": 26 }
      },
      "6": {
        "start": { "line": 7, "column": 23 },
        "end": { "line": 7, "column": 27 }
      },
      "7": {
        "start": { "line": 8, "column": 24 },
        "end": { "line": 8, "column": 29 }
      }
    },
    "fnMap": {
      "0": {
        "name": "(anonymous_0)",
        "decl": {
          "start": { "line": 1, "column": 20 },
          "end": { "line": 1, "column": 21 }
        },
        "loc": {
          "start": { "line": 2, "column": 2 },
          "end": { "line": 2, "column": 63 }
        },
        "line": 2
      },
      "1": {
        "name": "(anonymous_1)",
        "decl": {
          "start": { "line": 2, "column": 14 },
          "end": { "line": 2, "column": 15 }
        },
        "loc": {
          "start": { "line": 2, "column": 25 },
          "end": { "line": 2, "column": 62 }
        },
        "line": 2
      }
    },
    "branchMap": {},
    "s": { "0": 1, "1": 0, "2": 0, "3": 1, "4": 1, "5": 1, "6": 1, "7": 1 },
    "f": { "0": 0, "1": 0 },
    "b": {},
    "_coverageSchema": "332fd63041d2c1bcb487cc26dd0d5f7d97098a6c",
    "hash": "11d8b9c09030b5e11fd2d5afc91b026d9ed65fd3"
  },
  "/media/storage/ws/js/linus/linus-core/src/utils/test/test-bot-data.js": {
    "path":
      "/media/storage/ws/js/linus/linus-core/src/utils/test/test-bot-data.js",
    "statementMap": {
      "0": {
        "start": { "line": 3, "column": 0 },
        "end": { "line": 175, "column": 2 }
      }
    },
    "fnMap": {},
    "branchMap": {},
    "s": { "0": 1 },
    "f": {},
    "b": {},
    "_coverageSchema": "332fd63041d2c1bcb487cc26dd0d5f7d97098a6c",
    "hash": "81b31160bef4754e64517a9ec81e2db9b8c267db"
  },
  "/media/storage/ws/js/linus/linus-core/src/utils/test/tokenizers.js": {
    "path":
      "/media/storage/ws/js/linus/linus-core/src/utils/test/tokenizers.js",
    "statementMap": {
      "0": {
        "start": { "line": 3, "column": 30 },
        "end": { "line": 3, "column": 74 }
      },
      "1": {
        "start": { "line": 5, "column": 34 },
        "end": { "line": 13, "column": 2 }
      },
      "2": {
        "start": { "line": 8, "column": 7 },
        "end": { "line": 13, "column": 1 }
      },
      "3": {
        "start": { "line": 11, "column": 4 },
        "end": { "line": 11, "column": 69 }
      },
      "4": {
        "start": { "line": 11, "column": 30 },
        "end": { "line": 11, "column": 66 }
      },
      "5": {
        "start": { "line": 15, "column": 19 },
        "end": { "line": 15, "column": 24 }
      }
    },
    "fnMap": {
      "0": {
        "name": "(anonymous_0)",
        "decl": {
          "start": { "line": 3, "column": 64 },
          "end": { "line": 3, "column": 65 }
        },
        "loc": {
          "start": { "line": 3, "column": 70 },
          "end": { "line": 3, "column": 72 }
        },
        "line": 3
      },
      "1": {
        "name": "(anonymous_1)",
        "decl": {
          "start": { "line": 5, "column": 34 },
          "end": { "line": 5, "column": 35 }
        },
        "loc": {
          "start": { "line": 8, "column": 7 },
          "end": { "line": 13, "column": 1 }
        },
        "line": 8
      },
      "2": {
        "name": "(anonymous_2)",
        "decl": {
          "start": { "line": 10, "column": 12 },
          "end": { "line": 10, "column": 13 }
        },
        "loc": {
          "start": { "line": 10, "column": 25 },
          "end": { "line": 12, "column": 3 }
        },
        "line": 10
      },
      "3": {
        "name": "(anonymous_3)",
        "decl": {
          "start": { "line": 11, "column": 23 },
          "end": { "line": 11, "column": 24 }
        },
        "loc": {
          "start": { "line": 11, "column": 30 },
          "end": { "line": 11, "column": 66 }
        },
        "line": 11
      }
    },
    "branchMap": {
      "0": {
        "loc": {
          "start": { "line": 6, "column": 2 },
          "end": { "line": 6, "column": 34 }
        },
        "type": "default-arg",
        "locations": [
          {
            "start": { "line": 6, "column": 16 },
            "end": { "line": 6, "column": 34 }
          }
        ],
        "line": 6
      },
      "1": {
        "loc": {
          "start": { "line": 7, "column": 2 },
          "end": { "line": 7, "column": 18 }
        },
        "type": "default-arg",
        "locations": [
          {
            "start": { "line": 7, "column": 12 },
            "end": { "line": 7, "column": 18 }
          }
        ],
        "line": 7
      }
    },
    "s": { "0": 1, "1": 1, "2": 0, "3": 0, "4": 0, "5": 1 },
    "f": { "0": 0, "1": 0, "2": 0, "3": 0 },
    "b": { "0": [0], "1": [0] },
    "_coverageSchema": "332fd63041d2c1bcb487cc26dd0d5f7d97098a6c",
    "hash": "e8b10965d08409e49ea91a1d18f0a68cc672ff2d"
  }
}
