TN:
SF:/media/storage/ws/js/linus/linus-core/src/LinusDialogBase.js
FN:10,(anonymous_0)
FN:20,(anonymous_1)
FN:32,(anonymous_2)
FN:61,(anonymous_3)
FN:63,(anonymous_4)
FN:69,(anonymous_5)
FN:77,(anonymous_6)
FN:88,(anonymous_7)
FN:98,(anonymous_8)
FN:118,(anonymous_9)
FN:126,(anonymous_10)
FN:134,(anonymous_11)
FN:139,(anonymous_12)
FNF:13
FNH:5
FNDA:4,(anonymous_0)
FNDA:12,(anonymous_1)
FNDA:2,(anonymous_2)
FNDA:0,(anonymous_3)
FNDA:0,(anonymous_4)
FNDA:0,(anonymous_5)
FNDA:0,(anonymous_6)
FNDA:0,(anonymous_7)
FNDA:0,(anonymous_8)
FNDA:1,(anonymous_9)
FNDA:4,(anonymous_10)
FNDA:0,(anonymous_11)
FNDA:0,(anonymous_12)
DA:4,1
DA:17,4
DA:20,12
DA:23,4
DA:24,4
DA:33,2
DA:39,2
DA:43,0
DA:47,0
DA:53,0
DA:62,0
DA:63,0
DA:69,0
DA:78,0
DA:79,0
DA:80,0
DA:89,0
DA:90,0
DA:99,0
DA:100,0
DA:103,0
DA:106,0
DA:120,1
DA:127,4
DA:135,0
DA:136,0
DA:142,0
DA:143,0
DA:144,0
LF:29
LH:9
BRDA:11,0,0,0
BRDA:12,1,0,0
BRDA:13,2,0,0
BRDA:14,3,0,4
BRDA:15,4,0,4
BRDA:32,5,0,2
BRDA:33,6,0,2
BRDA:33,6,1,0
BRDA:34,7,0,2
BRDA:34,7,1,2
BRDA:34,7,2,1
BRDA:34,7,3,0
BRDA:40,8,0,2
BRDA:40,8,1,2
BRDA:43,9,0,0
BRDA:43,9,1,0
BRDA:44,10,0,0
BRDA:44,10,1,0
BRDA:79,11,0,0
BRDA:79,11,1,0
BRDA:89,12,0,0
BRDA:89,12,1,0
BRDA:101,13,0,0
BRDA:101,13,1,0
BRDA:104,14,0,0
BRDA:104,14,1,0
BRDA:135,15,0,0
BRDA:142,16,0,0
BRDA:142,16,1,0
BRF:29
BRH:9
end_of_record
TN:
SF:/media/storage/ws/js/linus/linus-core/src/utils/requiredParam.js
FN:1,requiredParam
FNF:1
FNH:1
FNDA:2,requiredParam
DA:1,2
DA:2,2
DA:6,2
DA:7,2
DA:9,2
LF:5
LH:5
BRDA:6,0,0,2
BRDA:6,0,1,0
BRF:2
BRH:1
end_of_record
TN:
SF:/media/storage/ws/js/linus/linus-core/src/utils/test/helpers.js
FN:1,(anonymous_0)
FN:2,(anonymous_1)
FNF:2
FNH:0
FNDA:0,(anonymous_0)
FNDA:0,(anonymous_1)
DA:1,1
DA:2,0
DA:4,1
DA:5,1
DA:6,1
DA:7,1
DA:8,1
LF:7
LH:6
BRF:0
BRH:0
end_of_record
TN:
SF:/media/storage/ws/js/linus/linus-core/src/utils/test/test-bot-data.js
FNF:0
FNH:0
DA:3,1
LF:1
LH:1
BRF:0
BRH:0
end_of_record
TN:
SF:/media/storage/ws/js/linus/linus-core/src/utils/test/tokenizers.js
FN:3,(anonymous_0)
FN:5,(anonymous_1)
FN:10,(anonymous_2)
FN:11,(anonymous_3)
FNF:4
FNH:0
FNDA:0,(anonymous_0)
FNDA:0,(anonymous_1)
FNDA:0,(anonymous_2)
FNDA:0,(anonymous_3)
DA:3,1
DA:5,1
DA:8,0
DA:11,0
DA:15,1
LF:5
LH:3
BRDA:6,0,0,0
BRDA:7,1,0,0
BRF:2
BRH:0
end_of_record
